{"numTotalTestSuites":13,"numPassedTestSuites":13,"numFailedTestSuites":0,"numPendingTestSuites":0,"numTotalTests":54,"numPassedTests":54,"numFailedTests":0,"numPendingTests":0,"numTodoTests":0,"snapshot":{"added":0,"failure":false,"filesAdded":0,"filesRemoved":0,"filesRemovedList":[],"filesUnmatched":0,"filesUpdated":0,"matched":0,"total":0,"unchecked":0,"uncheckedKeysByFile":[],"unmatched":0,"updated":0,"didUpdate":false},"startTime":1778137701657,"success":true,"testResults":[{"assertionResults":[{"ancestorTitles":["/api/account","GET /data-export"],"fullName":"/api/account GET /data-export should reject unauthenticated request","status":"passed","title":"should reject unauthenticated request","duration":18.2184629999997,"failureMessages":[],"meta":{}},{"ancestorTitles":["/api/account","GET /data-export"],"fullName":"/api/account GET /data-export should return data export for authenticated user","status":"passed","title":"should return data export for authenticated user","duration":1531.487275,"failureMessages":[],"meta":{}},{"ancestorTitles":["/api/account","GET /data-export"],"fullName":"/api/account GET /data-export should include account section with correct fields","status":"passed","title":"should include account section with correct fields","duration":921.4345090000002,"failureMessages":[],"meta":{}},{"ancestorTitles":["/api/account","GET /data-export"],"fullName":"/api/account GET /data-export should include organisation data","status":"passed","title":"should include organisation data","duration":874.3413840000003,"failureMessages":[],"meta":{}},{"ancestorTitles":["/api/account","GET /data-export"],"fullName":"/api/account GET /data-export should include billing data for org admin","status":"passed","title":"should include billing data for org admin","duration":834.3310680000004,"failureMessages":[],"meta":{}},{"ancestorTitles":["/api/account","GET /data-export"],"fullName":"/api/account GET /data-export should not include billing data for non-admin member","status":"passed","title":"should not include billing data for non-admin member","duration":45.57247300000017,"failureMessages":[],"meta":{}},{"ancestorTitles":["/api/account","GET /data-export"],"fullName":"/api/account GET /data-export should include repo connections without tokens","status":"passed","title":"should include repo connections without tokens","duration":823.6798820000004,"failureMessages":[],"meta":{}},{"ancestorTitles":["/api/account","GET /data-export"],"fullName":"/api/account GET /data-export should include products array","status":"passed","title":"should include products array","duration":865.214207,"failureMessages":[],"meta":{}},{"ancestorTitles":["/api/account","GET /data-export"],"fullName":"/api/account GET /data-export should include telemetry array","status":"passed","title":"should include telemetry array","duration":846.7914740000006,"failureMessages":[],"meta":{}},{"ancestorTitles":["/api/account","GET /data-export"],"fullName":"/api/account GET /data-export should include exclusions explaining omitted data","status":"passed","title":"should include exclusions explaining omitted data","duration":808.2685889999993,"failureMessages":[],"meta":{}},{"ancestorTitles":["/api/account","GET /data-export"],"fullName":"/api/account GET /data-export should not include password hash in account section","status":"passed","title":"should not include password hash in account section","duration":810.7508530000014,"failureMessages":[],"meta":{}},{"ancestorTitles":["/api/account","GET /data-export"],"fullName":"/api/account GET /data-export should include all expected top-level sections","status":"passed","title":"should include all expected top-level sections","duration":870.7251190000006,"failureMessages":[],"meta":{}},{"ancestorTitles":["/api/account","GET /data-export"],"fullName":"/api/account GET /data-export should include arrays for collection fields","status":"passed","title":"should include arrays for collection fields","duration":794.2774709999994,"failureMessages":[],"meta":{}},{"ancestorTitles":["/api/account","DELETE /"],"fullName":"/api/account DELETE / should reject unauthenticated request","status":"passed","title":"should reject unauthenticated request","duration":3.6710559999992256,"failureMessages":[],"meta":{}},{"ancestorTitles":["/api/account","DELETE /"],"fullName":"/api/account DELETE / should reject request without password","status":"passed","title":"should reject request without password","duration":19.07357299999967,"failureMessages":[],"meta":{}},{"ancestorTitles":["/api/account","DELETE /"],"fullName":"/api/account DELETE / should reject request with wrong password","status":"passed","title":"should reject request with wrong password","duration":113.24408299999959,"failureMessages":[],"meta":{}},{"ancestorTitles":["/api/account","DELETE /"],"fullName":"/api/account DELETE / should reject deletion of sole org admin","status":"passed","title":"should reject deletion of sole org admin","duration":284.4353979999996,"failureMessages":[],"meta":{}},{"ancestorTitles":["/api/account","DELETE /"],"fullName":"/api/account DELETE / should successfully delete a non-admin member account","status":"passed","title":"should successfully delete a non-admin member account","duration":1121.949990000001,"failureMessages":[],"meta":{}},{"ancestorTitles":["/api/account","DELETE /"],"fullName":"/api/account DELETE / should delete associated data (events, connections, feedback)","status":"passed","title":"should delete associated data (events, connections, feedback)","duration":853.6255849999998,"failureMessages":[],"meta":{}},{"ancestorTitles":["/api/account","DELETE /"],"fullName":"/api/account DELETE / should delete Neo4j User node","status":"passed","title":"should delete Neo4j User node","duration":1002.3299389999993,"failureMessages":[],"meta":{}},{"ancestorTitles":["/api/account","DELETE /"],"fullName":"/api/account DELETE / should return deletion summary in response","status":"passed","title":"should return deletion summary in response","duration":897.9856579999978,"failureMessages":[],"meta":{}},{"ancestorTitles":["/api/account","POST /api/admin/data-retention/run"],"fullName":"/api/account POST /api/admin/data-retention/run should reject unauthenticated request","status":"passed","title":"should reject unauthenticated request","duration":13.235913000000437,"failureMessages":[],"meta":{}},{"ancestorTitles":["/api/account","POST /api/admin/data-retention/run"],"fullName":"/api/account POST /api/admin/data-retention/run should reject non-admin request","status":"passed","title":"should reject non-admin request","duration":21.130536000000575,"failureMessages":[],"meta":{}},{"ancestorTitles":["/api/account","POST /api/admin/data-retention/run"],"fullName":"/api/account POST /api/admin/data-retention/run should run retention cleanup for platform admin","status":"passed","title":"should run retention cleanup for platform admin","duration":106.69537899999705,"failureMessages":[],"meta":{}},{"ancestorTitles":["/api/account","POST /api/admin/data-retention/run"],"fullName":"/api/account POST /api/admin/data-retention/run should delete telemetry older than 90 days","status":"passed","title":"should delete telemetry older than 90 days","duration":155.41640100000222,"failureMessages":[],"meta":{}},{"ancestorTitles":["/api/account","POST /api/admin/data-retention/run"],"fullName":"/api/account POST /api/admin/data-retention/run should delete feedback older than 2 years","status":"passed","title":"should delete feedback older than 2 years","duration":119.36624200000006,"failureMessages":[],"meta":{}},{"ancestorTitles":["/api/account","POST /api/admin/data-retention/run"],"fullName":"/api/account POST /api/admin/data-retention/run should clear expired verification tokens","status":"passed","title":"should clear expired verification tokens","duration":185.43323600000076,"failureMessages":[],"meta":{}},{"ancestorTitles":["/api/account","Security hardening"],"fullName":"/api/account Security hardening should create audit trail entry when account is deleted","status":"passed","title":"should create audit trail entry when account is deleted","duration":828.4913960000013,"failureMessages":[],"meta":{}},{"ancestorTitles":["/api/account","Security hardening"],"fullName":"/api/account Security hardening should not leak encrypted tokens in data export","status":"passed","title":"should not leak encrypted tokens in data export","duration":1118.472905999999,"failureMessages":[],"meta":{}},{"ancestorTitles":["/api/account","Security hardening"],"fullName":"/api/account Security hardening should not return data for a different user","status":"passed","title":"should not return data for a different user","duration":75.71761300000071,"failureMessages":[],"meta":{}},{"ancestorTitles":["/api/account","Security hardening"],"fullName":"/api/account Security hardening should not allow deletion with an expired/invalid token","status":"passed","title":"should not allow deletion with an expired/invalid token","duration":6.269557999999961,"failureMessages":[],"meta":{}},{"ancestorTitles":["/api/account","Security hardening"],"fullName":"/api/account Security hardening should create audit entry for retention cleanup","status":"passed","title":"should create audit entry for retention cleanup","duration":100.2436830000006,"failureMessages":[],"meta":{}}],"startTime":1778137711445,"endTime":1778137728524.2437,"status":"passed","message":"","name":"/home/mcburnia/cranis2/backend/tests/routes/account.test.ts"},{"assertionResults":[{"ancestorTitles":["/api/auth/register with bonusCode"],"fullName":"/api/auth/register with bonusCode register without bonusCode succeeds (existing path)","status":"passed","title":"register without bonusCode succeeds (existing path)","duration":470.087946,"failureMessages":[],"meta":{}},{"ancestorTitles":["/api/auth/register with bonusCode"],"fullName":"/api/auth/register with bonusCode register with valid bonusCode succeeds and persists canonical code","status":"passed","title":"register with valid bonusCode succeeds and persists canonical code","duration":550.686827,"failureMessages":[],"meta":{}},{"ancestorTitles":["/api/auth/register with bonusCode"],"fullName":"/api/auth/register with bonusCode register with unknown bonusCode rejected (400, no user created)","status":"passed","title":"register with unknown bonusCode rejected (400, no user created)","duration":12.02105500000016,"failureMessages":[],"meta":{}},{"ancestorTitles":["/api/auth/register with bonusCode"],"fullName":"/api/auth/register with bonusCode rejects self-referral when registration email matches affiliate contact","status":"passed","title":"rejects self-referral when registration email matches affiliate contact","duration":7.615071999999827,"failureMessages":[],"meta":{}},{"ancestorTitles":["/api/auth/register with bonusCode"],"fullName":"/api/auth/register with bonusCode register with empty bonusCode treated as no code","status":"passed","title":"register with empty bonusCode treated as no code","duration":399.20952599999987,"failureMessages":[],"meta":{}}],"startTime":1778137729234,"endTime":1778137730674.2095,"status":"passed","message":"","name":"/home/mcburnia/cranis2/backend/tests/routes/auth-bonus-code.test.ts"},{"assertionResults":[{"ancestorTitles":["/api/auth","POST /register"],"fullName":"/api/auth POST /register should reject missing email","status":"passed","title":"should reject missing email","duration":42.504246999999964,"failureMessages":[],"meta":{}},{"ancestorTitles":["/api/auth","POST /register"],"fullName":"/api/auth POST /register should reject missing password","status":"passed","title":"should reject missing password","duration":6.803107000000068,"failureMessages":[],"meta":{}},{"ancestorTitles":["/api/auth","POST /register"],"fullName":"/api/auth POST /register should reject weak password (no uppercase)","status":"passed","title":"should reject weak password (no uppercase)","duration":5.610879999999952,"failureMessages":[],"meta":{}},{"ancestorTitles":["/api/auth","POST /register"],"fullName":"/api/auth POST /register should reject weak password (no special char)","status":"passed","title":"should reject weak password (no special char)","duration":4.519206999999938,"failureMessages":[],"meta":{}},{"ancestorTitles":["/api/auth","POST /register"],"fullName":"/api/auth POST /register should reject weak password (too short)","status":"passed","title":"should reject weak password (too short)","duration":5.074815000000058,"failureMessages":[],"meta":{}},{"ancestorTitles":["/api/auth","POST /register"],"fullName":"/api/auth POST /register should reject duplicate email for verified user","status":"passed","title":"should reject duplicate email for verified user","duration":6.168345999999929,"failureMessages":[],"meta":{}},{"ancestorTitles":["/api/auth","POST /register"],"fullName":"/api/auth POST /register should register new user","status":"passed","title":"should register new user","duration":451.15199399999995,"failureMessages":[],"meta":{}},{"ancestorTitles":["/api/auth","POST /login"],"fullName":"/api/auth POST /login should reject missing credentials","status":"passed","title":"should reject missing credentials","duration":4.4002170000001115,"failureMessages":[],"meta":{}},{"ancestorTitles":["/api/auth","POST /login"],"fullName":"/api/auth POST /login should reject non-existent email","status":"passed","title":"should reject non-existent email","duration":624.401012,"failureMessages":[],"meta":{}},{"ancestorTitles":["/api/auth","POST /login"],"fullName":"/api/auth POST /login should reject wrong password","status":"passed","title":"should reject wrong password","duration":152.329569,"failureMessages":[],"meta":{}},{"ancestorTitles":["/api/auth","POST /login"],"fullName":"/api/auth POST /login should reject suspended user","status":"passed","title":"should reject suspended user","duration":84.55015800000001,"failureMessages":[],"meta":{}},{"ancestorTitles":["/api/auth","POST /login"],"fullName":"/api/auth POST /login should login valid user and return session","status":"passed","title":"should login valid user and return session","duration":166.01167899999996,"failureMessages":[],"meta":{}},{"ancestorTitles":["/api/auth","GET /me"],"fullName":"/api/auth GET /me should reject unauthenticated request","status":"passed","title":"should reject unauthenticated request","duration":8.891631999999845,"failureMessages":[],"meta":{}},{"ancestorTitles":["/api/auth","GET /me"],"fullName":"/api/auth GET /me should reject invalid token","status":"passed","title":"should reject invalid token","duration":9.12790300000006,"failureMessages":[],"meta":{}},{"ancestorTitles":["/api/auth","GET /me"],"fullName":"/api/auth GET /me should return user info for valid token","status":"passed","title":"should return user info for valid token","duration":198.06138299999975,"failureMessages":[],"meta":{}},{"ancestorTitles":["/api/auth","GET /me"],"fullName":"/api/auth GET /me should return null orgId for orphan user","status":"passed","title":"should return null orgId for orphan user","duration":592.8966339999997,"failureMessages":[],"meta":{}},{"ancestorTitles":["/api/auth","GET /me"],"fullName":"/api/auth GET /me should return isPlatformAdmin for platform admin","status":"passed","title":"should return isPlatformAdmin for platform admin","duration":130.7892469999997,"failureMessages":[],"meta":{}}],"startTime":1778137731444,"endTime":1778137733940.7893,"status":"passed","message":"","name":"/home/mcburnia/cranis2/backend/tests/routes/auth.test.ts"}]}