{"numTotalTestSuites":356,"numPassedTestSuites":356,"numFailedTestSuites":0,"numPendingTestSuites":0,"numTotalTests":997,"numPassedTests":997,"numFailedTests":0,"numPendingTests":0,"numTodoTests":0,"snapshot":{"added":0,"failure":false,"filesAdded":0,"filesRemoved":0,"filesRemovedList":[],"filesUnmatched":0,"filesUpdated":0,"matched":0,"total":0,"unchecked":0,"uncheckedKeysByFile":[],"unmatched":0,"updated":0,"didUpdate":false},"startTime":1772698321248,"success":true,"testResults":[{"assertionResults":[{"ancestorTitles":["Integration: Billing Gate Enforcement","Active org (full access)"],"fullName":"Integration: Billing Gate Enforcement Active org (full access) should allow GET requests","status":"passed","title":"should allow GET requests","duration":483.7049820000002,"failureMessages":[],"meta":{}},{"ancestorTitles":["Integration: Billing Gate Enforcement","Active org (full access)"],"fullName":"Integration: Billing Gate Enforcement Active org (full access) should allow POST requests","status":"passed","title":"should allow POST requests","duration":95.461413,"failureMessages":[],"meta":{}},{"ancestorTitles":["Integration: Billing Gate Enforcement","Active org (full access)"],"fullName":"Integration: Billing Gate Enforcement Active org (full access) should allow product creation","status":"passed","title":"should allow product creation","duration":90.14801699999998,"failureMessages":[],"meta":{}},{"ancestorTitles":["Integration: Billing Gate Enforcement","Trial org (full access during trial)"],"fullName":"Integration: Billing Gate Enforcement Trial org (full access during trial) should allow GET requests","status":"passed","title":"should allow GET requests","duration":54.95792299999994,"failureMessages":[],"meta":{}},{"ancestorTitles":["Integration: Billing Gate Enforcement","Trial org (full access during trial)"],"fullName":"Integration: Billing Gate Enforcement Trial org (full access during trial) should allow POST requests","status":"passed","title":"should allow POST requests","duration":92.11608400000023,"failureMessages":[],"meta":{}},{"ancestorTitles":["Integration: Billing Gate Enforcement","Suspended org (write-blocked)"],"fullName":"Integration: Billing Gate Enforcement Suspended org (write-blocked) should allow GET requests","status":"passed","title":"should allow GET requests","duration":20.1857729999997,"failureMessages":[],"meta":{}},{"ancestorTitles":["Integration: Billing Gate Enforcement","Suspended org (write-blocked)"],"fullName":"Integration: Billing Gate Enforcement Suspended org (write-blocked) should block product creation","status":"passed","title":"should block product creation","duration":15.97962699999971,"failureMessages":[],"meta":{}},{"ancestorTitles":["Integration: Billing Gate Enforcement","Suspended org (write-blocked)"],"fullName":"Integration: Billing Gate Enforcement Suspended org (write-blocked) should block CRA report creation","status":"passed","title":"should block CRA report creation","duration":14.880826999999954,"failureMessages":[],"meta":{}},{"ancestorTitles":["Integration: Billing Gate Enforcement","Suspended org (write-blocked)"],"fullName":"Integration: Billing Gate Enforcement Suspended org (write-blocked) should block feedback submission","status":"passed","title":"should block feedback submission","duration":15.508444999999483,"failureMessages":[],"meta":{}},{"ancestorTitles":["Integration: Billing Gate Enforcement","Suspended org (write-blocked)"],"fullName":"Integration: Billing Gate Enforcement Suspended org (write-blocked) should still allow /api/auth/me (exempt path)","status":"passed","title":"should still allow /api/auth/me (exempt path)","duration":13.482339000000138,"failureMessages":[],"meta":{}},{"ancestorTitles":["Integration: Billing Gate Enforcement","Suspended org (write-blocked)"],"fullName":"Integration: Billing Gate Enforcement Suspended org (write-blocked) should still allow /api/billing/status (exempt path)","status":"passed","title":"should still allow /api/billing/status (exempt path)","duration":89.77757399999973,"failureMessages":[],"meta":{}},{"ancestorTitles":["Integration: Billing Gate Enforcement","Read-only org (write-blocked)"],"fullName":"Integration: Billing Gate Enforcement Read-only org (write-blocked) should allow GET requests","status":"passed","title":"should allow GET requests","duration":12.011641000000054,"failureMessages":[],"meta":{}},{"ancestorTitles":["Integration: Billing Gate Enforcement","Read-only org (write-blocked)"],"fullName":"Integration: Billing Gate Enforcement Read-only org (write-blocked) should block product creation","status":"passed","title":"should block product creation","duration":7.348369000000275,"failureMessages":[],"meta":{}},{"ancestorTitles":["Integration: Billing Gate Enforcement","Read-only org (write-blocked)"],"fullName":"Integration: Billing Gate Enforcement Read-only org (write-blocked) should block feedback submission","status":"passed","title":"should block feedback submission","duration":7.379140000000007,"failureMessages":[],"meta":{}},{"ancestorTitles":["Integration: Billing Gate Enforcement","Read-only org (write-blocked)"],"fullName":"Integration: Billing Gate Enforcement Read-only org (write-blocked) should still allow reads on overview endpoints","status":"passed","title":"should still allow reads on overview endpoints","duration":17.91868500000055,"failureMessages":[],"meta":{}},{"ancestorTitles":["Integration: Billing Gate Enforcement","Past-due org (grace period behavior)"],"fullName":"Integration: Billing Gate Enforcement Past-due org (grace period behavior) should allow GET requests","status":"passed","title":"should allow GET requests","duration":10.663324999999531,"failureMessages":[],"meta":{}},{"ancestorTitles":["Integration: Billing Gate Enforcement","Past-due org (grace period behavior)"],"fullName":"Integration: Billing Gate Enforcement Past-due org (grace period behavior) should reflect past_due status in billing","status":"passed","title":"should reflect past_due status in billing","duration":17.233463000000484,"failureMessages":[],"meta":{}},{"ancestorTitles":["Integration: Billing Gate Enforcement","Past-due org (grace period behavior)"],"fullName":"Integration: Billing Gate Enforcement Past-due org (grace period behavior) should allow or block writes depending on grace period","status":"passed","title":"should allow or block writes depending on grace period","duration":83.15020499999991,"failureMessages":[],"meta":{}},{"ancestorTitles":["Integration: Billing Gate Enforcement","Auth endpoints exempt from billing gate"],"fullName":"Integration: Billing Gate Enforcement Auth endpoints exempt from billing gate suspended org can still call /api/auth/me","status":"passed","title":"suspended org can still call /api/auth/me","duration":9.369220999999925,"failureMessages":[],"meta":{}},{"ancestorTitles":["Integration: Billing Gate Enforcement","Auth endpoints exempt from billing gate"],"fullName":"Integration: Billing Gate Enforcement Auth endpoints exempt from billing gate read-only org can still call /api/auth/me","status":"passed","title":"read-only org can still call /api/auth/me","duration":8.15442499999972,"failureMessages":[],"meta":{}},{"ancestorTitles":["Integration: Billing Gate Enforcement","Auth endpoints exempt from billing gate"],"fullName":"Integration: Billing Gate Enforcement Auth endpoints exempt from billing gate suspended org can still login","status":"passed","title":"suspended org can still login","duration":165.5159790000007,"failureMessages":[],"meta":{}}],"startTime":1772698700250,"endTime":1772698701579.5159,"status":"passed","message":"","name":"/home/mcburnia/cranis2/backend/tests/integration/billing-gate-enforcement.test.ts"},{"assertionResults":[{"ancestorTitles":["Integration: CRA Report Full Lifecycle"],"fullName":"Integration: CRA Report Full Lifecycle Step 1: Create draft vulnerability report","status":"passed","title":"Step 1: Create draft vulnerability report","duration":87.03641199999993,"failureMessages":[],"meta":{}},{"ancestorTitles":["Integration: CRA Report Full Lifecycle"],"fullName":"Integration: CRA Report Full Lifecycle Step 2: Draft appears in report list","status":"passed","title":"Step 2: Draft appears in report list","duration":181.075918,"failureMessages":[],"meta":{}},{"ancestorTitles":["Integration: CRA Report Full Lifecycle"],"fullName":"Integration: CRA Report Full Lifecycle Step 3: Submit early_warning stage","status":"passed","title":"Step 3: Submit early_warning stage","duration":79.06590900000037,"failureMessages":[],"meta":{}},{"ancestorTitles":["Integration: CRA Report Full Lifecycle"],"fullName":"Integration: CRA Report Full Lifecycle Step 4: Report status is now early_warning_sent","status":"passed","title":"Step 4: Report status is now early_warning_sent","duration":14.499021999999968,"failureMessages":[],"meta":{}},{"ancestorTitles":["Integration: CRA Report Full Lifecycle"],"fullName":"Integration: CRA Report Full Lifecycle Step 5: Submit intermediate stage update","status":"passed","title":"Step 5: Submit intermediate stage update","duration":81.90898400000015,"failureMessages":[],"meta":{}},{"ancestorTitles":["Integration: CRA Report Full Lifecycle"],"fullName":"Integration: CRA Report Full Lifecycle Step 6: Submit notification stage","status":"passed","title":"Step 6: Submit notification stage","duration":89.42482399999972,"failureMessages":[],"meta":{}},{"ancestorTitles":["Integration: CRA Report Full Lifecycle"],"fullName":"Integration: CRA Report Full Lifecycle Step 7: Report status is now notification_sent","status":"passed","title":"Step 7: Report status is now notification_sent","duration":27.806404999999813,"failureMessages":[],"meta":{}},{"ancestorTitles":["Integration: CRA Report Full Lifecycle"],"fullName":"Integration: CRA Report Full Lifecycle Step 8: Close the report","status":"passed","title":"Step 8: Close the report","duration":103.9800909999999,"failureMessages":[],"meta":{}},{"ancestorTitles":["Integration: CRA Report Full Lifecycle"],"fullName":"Integration: CRA Report Full Lifecycle Step 9: Report is now closed","status":"passed","title":"Step 9: Report is now closed","duration":30.72674599999982,"failureMessages":[],"meta":{}},{"ancestorTitles":["Integration: CRA Report Full Lifecycle"],"fullName":"Integration: CRA Report Full Lifecycle Step 10: Stage submission on closed report","status":"passed","title":"Step 10: Stage submission on closed report","duration":90.71785600000021,"failureMessages":[],"meta":{}},{"ancestorTitles":["Integration: CRA Report Full Lifecycle"],"fullName":"Integration: CRA Report Full Lifecycle Step 11: Cannot delete closed report","status":"passed","title":"Step 11: Cannot delete closed report","duration":19.19290799999999,"failureMessages":[],"meta":{}},{"ancestorTitles":["Integration: CRA Report Full Lifecycle"],"fullName":"Integration: CRA Report Full Lifecycle Step 12: Overview counts are updated","status":"passed","title":"Step 12: Overview counts are updated","duration":35.51535699999977,"failureMessages":[],"meta":{}},{"ancestorTitles":["Integration: CRA Incident Report Lifecycle"],"fullName":"Integration: CRA Incident Report Lifecycle should create and progress an incident report","status":"passed","title":"should create and progress an incident report","duration":436.80999599999996,"failureMessages":[],"meta":{}}],"startTime":1772698704280,"endTime":1772698705562.81,"status":"passed","message":"","name":"/home/mcburnia/cranis2/backend/tests/integration/cra-report-lifecycle.test.ts"},{"assertionResults":[{"ancestorTitles":["Integration: Cross-Org Data Isolation","Product isolation"],"fullName":"Integration: Cross-Org Data Isolation Product isolation importer cannot see manufacturer products in list","status":"passed","title":"importer cannot see manufacturer products in list","duration":62.37721099999999,"failureMessages":[],"meta":{}},{"ancestorTitles":["Integration: Cross-Org Data Isolation","Product isolation"],"fullName":"Integration: Cross-Org Data Isolation Product isolation manufacturer cannot see importer products in list","status":"passed","title":"manufacturer cannot see importer products in list","duration":639.7108799999996,"failureMessages":[],"meta":{}},{"ancestorTitles":["Integration: Cross-Org Data Isolation","Product isolation"],"fullName":"Integration: Cross-Org Data Isolation Product isolation importer cannot access manufacturer product by ID","status":"passed","title":"importer cannot access manufacturer product by ID","duration":9.707814000000326,"failureMessages":[],"meta":{}},{"ancestorTitles":["Integration: Cross-Org Data Isolation","Product isolation"],"fullName":"Integration: Cross-Org Data Isolation Product isolation manufacturer cannot access importer product by ID","status":"passed","title":"manufacturer cannot access importer product by ID","duration":10.928229000000101,"failureMessages":[],"meta":{}},{"ancestorTitles":["Integration: Cross-Org Data Isolation","CRA report isolation"],"fullName":"Integration: Cross-Org Data Isolation CRA report isolation importer cannot see manufacturer CRA reports","status":"passed","title":"importer cannot see manufacturer CRA reports","duration":5.37472200000002,"failureMessages":[],"meta":{}},{"ancestorTitles":["Integration: Cross-Org Data Isolation","CRA report isolation"],"fullName":"Integration: Cross-Org Data Isolation CRA report isolation importer cannot access manufacturer report by ID","status":"passed","title":"importer cannot access manufacturer report by ID","duration":5.564325000000281,"failureMessages":[],"meta":{}},{"ancestorTitles":["Integration: Cross-Org Data Isolation","Vulnerability data isolation"],"fullName":"Integration: Cross-Org Data Isolation Vulnerability data isolation importer overview should not contain manufacturer products","status":"passed","title":"importer overview should not contain manufacturer products","duration":21.556895000000168,"failureMessages":[],"meta":{}},{"ancestorTitles":["Integration: Cross-Org Data Isolation","Vulnerability data isolation"],"fullName":"Integration: Cross-Org Data Isolation Vulnerability data isolation importer cannot access manufacturer product findings","status":"passed","title":"importer cannot access manufacturer product findings","duration":6.512160000000222,"failureMessages":[],"meta":{}},{"ancestorTitles":["Integration: Cross-Org Data Isolation","License scan isolation"],"fullName":"Integration: Cross-Org Data Isolation License scan isolation importer overview should not contain manufacturer products","status":"passed","title":"importer overview should not contain manufacturer products","duration":107.08743000000004,"failureMessages":[],"meta":{}},{"ancestorTitles":["Integration: Cross-Org Data Isolation","SBOM export isolation"],"fullName":"Integration: Cross-Org Data Isolation SBOM export isolation importer cannot access manufacturer SBOM status","status":"passed","title":"importer cannot access manufacturer SBOM status","duration":13.632689999999911,"failureMessages":[],"meta":{}},{"ancestorTitles":["Integration: Cross-Org Data Isolation","Technical files isolation"],"fullName":"Integration: Cross-Org Data Isolation Technical files isolation importer overview should not contain manufacturer products","status":"passed","title":"importer overview should not contain manufacturer products","duration":175.43600100000003,"failureMessages":[],"meta":{}},{"ancestorTitles":["Integration: Cross-Org Data Isolation","Notification isolation"],"fullName":"Integration: Cross-Org Data Isolation Notification isolation each org only sees their own notifications","status":"passed","title":"each org only sees their own notifications","duration":89.13844100000006,"failureMessages":[],"meta":{}},{"ancestorTitles":["Integration: Cross-Org Data Isolation","Org data isolation"],"fullName":"Integration: Cross-Org Data Isolation Org data isolation each user sees only their own org","status":"passed","title":"each user sees only their own org","duration":22.85290900000018,"failureMessages":[],"meta":{}},{"ancestorTitles":["Integration: Cross-Org Data Isolation","Org data isolation"],"fullName":"Integration: Cross-Org Data Isolation Org data isolation each user sees only their own org members","status":"passed","title":"each user sees only their own org members","duration":24.949968999999328,"failureMessages":[],"meta":{}},{"ancestorTitles":["Integration: Cross-Org Data Isolation","Due diligence isolation"],"fullName":"Integration: Cross-Org Data Isolation Due diligence isolation importer cannot preview manufacturer product due diligence","status":"passed","title":"importer cannot preview manufacturer product due diligence","duration":9.585320000000138,"failureMessages":[],"meta":{}},{"ancestorTitles":["Integration: Cross-Org Data Isolation","Empty org isolation"],"fullName":"Integration: Cross-Org Data Isolation Empty org isolation empty org sees zero products","status":"passed","title":"empty org sees zero products","duration":11.27508300000045,"failureMessages":[],"meta":{}},{"ancestorTitles":["Integration: Cross-Org Data Isolation","Empty org isolation"],"fullName":"Integration: Cross-Org Data Isolation Empty org isolation empty org sees zero CRA reports","status":"passed","title":"empty org sees zero CRA reports","duration":9.637598000000253,"failureMessages":[],"meta":{}}],"startTime":1772698708689,"endTime":1772698709916.6377,"status":"passed","message":"","name":"/home/mcburnia/cranis2/backend/tests/integration/cross-org-data-isolation.test.ts"},{"assertionResults":[{"ancestorTitles":["Integration: Due Diligence Export Flow","Preview data gathering"],"fullName":"Integration: Due Diligence Export Flow Preview data gathering should return preview data for product with SBOM","status":"passed","title":"should return preview data for product with SBOM","duration":111.12205400000039,"failureMessages":[],"meta":{}},{"ancestorTitles":["Integration: Due Diligence Export Flow","Preview data gathering"],"fullName":"Integration: Due Diligence Export Flow Preview data gathering should return preview data for product without SBOM","status":"passed","title":"should return preview data for product without SBOM","duration":21.70290699999987,"failureMessages":[],"meta":{}},{"ancestorTitles":["Integration: Due Diligence Export Flow","PDF generation"],"fullName":"Integration: Due Diligence Export Flow PDF generation should generate PDF for product","status":"passed","title":"should generate PDF for product","duration":4.131141999999727,"failureMessages":[],"meta":{}},{"ancestorTitles":["Integration: Due Diligence Export Flow","ZIP generation"],"fullName":"Integration: Due Diligence Export Flow ZIP generation should generate ZIP for product","status":"passed","title":"should generate ZIP for product","duration":4.667747999999847,"failureMessages":[],"meta":{}},{"ancestorTitles":["Integration: Due Diligence Export Flow","Cross-org isolation on exports"],"fullName":"Integration: Due Diligence Export Flow Cross-org isolation on exports should not allow importer to export manufacturer product","status":"passed","title":"should not allow importer to export manufacturer product","duration":153.20851900000025,"failureMessages":[],"meta":{}}],"startTime":1772698771934,"endTime":1772698772229.2085,"status":"passed","message":"","name":"/home/mcburnia/cranis2/backend/tests/integration/due-diligence-export.test.ts"},{"assertionResults":[{"ancestorTitles":["Integration: Neo4j ↔ Postgres Consistency","Product consistency"],"fullName":"Integration: Neo4j ↔ Postgres Consistency Product consistency should have test products in both Postgres and Neo4j","status":"passed","title":"should have test products in both Postgres and Neo4j","duration":34.78107399999999,"failureMessages":[],"meta":{}},{"ancestorTitles":["Integration: Neo4j ↔ Postgres Consistency","Product consistency"],"fullName":"Integration: Neo4j ↔ Postgres Consistency Product consistency should have matching product IDs across databases","status":"passed","title":"should have matching product IDs across databases","duration":69.71581900000001,"failureMessages":[],"meta":{}},{"ancestorTitles":["Integration: Neo4j ↔ Postgres Consistency","Organisation consistency"],"fullName":"Integration: Neo4j ↔ Postgres Consistency Organisation consistency should have test organisations in Neo4j","status":"passed","title":"should have test organisations in Neo4j","duration":3.492033999999876,"failureMessages":[],"meta":{}},{"ancestorTitles":["Integration: Neo4j ↔ Postgres Consistency","Organisation consistency"],"fullName":"Integration: Neo4j ↔ Postgres Consistency Organisation consistency should have matching org data via API (org lives in Neo4j)","status":"passed","title":"should have matching org data via API (org lives in Neo4j)","duration":8.126956000000064,"failureMessages":[],"meta":{}},{"ancestorTitles":["Integration: Neo4j ↔ Postgres Consistency","Product-Organisation relationships"],"fullName":"Integration: Neo4j ↔ Postgres Consistency Product-Organisation relationships should have BELONGS_TO relationships in Neo4j","status":"passed","title":"should have BELONGS_TO relationships in Neo4j","duration":2.9160170000000107,"failureMessages":[],"meta":{}},{"ancestorTitles":["Integration: Neo4j ↔ Postgres Consistency","Product-Organisation relationships"],"fullName":"Integration: Neo4j ↔ Postgres Consistency Product-Organisation relationships manufacturer products should all belong to manufacturer org","status":"passed","title":"manufacturer products should all belong to manufacturer org","duration":13.63104999999996,"failureMessages":[],"meta":{}},{"ancestorTitles":["Integration: Neo4j ↔ Postgres Consistency","Product-Organisation relationships"],"fullName":"Integration: Neo4j ↔ Postgres Consistency Product-Organisation relationships importer products should belong to importer org","status":"passed","title":"importer products should belong to importer org","duration":3.2654270000002725,"failureMessages":[],"meta":{}},{"ancestorTitles":["Integration: Neo4j ↔ Postgres Consistency","API consistency across data stores"],"fullName":"Integration: Neo4j ↔ Postgres Consistency API consistency across data stores product list should match Neo4j product count for org","status":"passed","title":"product list should match Neo4j product count for org","duration":373.32721500000025,"failureMessages":[],"meta":{}},{"ancestorTitles":["Integration: Neo4j ↔ Postgres Consistency","API consistency across data stores"],"fullName":"Integration: Neo4j ↔ Postgres Consistency API consistency across data stores org member count from API should match Postgres","status":"passed","title":"org member count from API should match Postgres","duration":9.806462999999894,"failureMessages":[],"meta":{}},{"ancestorTitles":["Integration: Neo4j ↔ Postgres Consistency","Dependency data consistency"],"fullName":"Integration: Neo4j ↔ Postgres Consistency Dependency data consistency should have consistent SBOM data between stores","status":"passed","title":"should have consistent SBOM data between stores","duration":13.471293999999943,"failureMessages":[],"meta":{}}],"startTime":1772698751159,"endTime":1772698751692.4712,"status":"passed","message":"","name":"/home/mcburnia/cranis2/backend/tests/integration/neo4j-postgres-consistency.test.ts"},{"assertionResults":[{"ancestorTitles":["Integration: Product Lifecycle"],"fullName":"Integration: Product Lifecycle Step 1: Create a new product","status":"passed","title":"Step 1: Create a new product","duration":91.35445200000004,"failureMessages":[],"meta":{}},{"ancestorTitles":["Integration: Product Lifecycle"],"fullName":"Integration: Product Lifecycle Step 2: Product exists in Neo4j","status":"passed","title":"Step 2: Product exists in Neo4j","duration":7.497698000000128,"failureMessages":[],"meta":{}},{"ancestorTitles":["Integration: Product Lifecycle"],"fullName":"Integration: Product Lifecycle Step 3: Product appears in product list","status":"passed","title":"Step 3: Product appears in product list","duration":360.16247799999974,"failureMessages":[],"meta":{}},{"ancestorTitles":["Integration: Product Lifecycle"],"fullName":"Integration: Product Lifecycle Step 4: Product detail returns full info","status":"passed","title":"Step 4: Product detail returns full info","duration":10.081323999999768,"failureMessages":[],"meta":{}},{"ancestorTitles":["Integration: Product Lifecycle"],"fullName":"Integration: Product Lifecycle Step 5: Product accessible in SBOM export status","status":"passed","title":"Step 5: Product accessible in SBOM export status","duration":16.36469699999998,"failureMessages":[],"meta":{}},{"ancestorTitles":["Integration: Product Lifecycle"],"fullName":"Integration: Product Lifecycle Step 5b: Product accessible in vulnerability findings","status":"passed","title":"Step 5b: Product accessible in vulnerability findings","duration":15.465361999999914,"failureMessages":[],"meta":{}},{"ancestorTitles":["Integration: Product Lifecycle"],"fullName":"Integration: Product Lifecycle Step 5c: Product accessible in license scan","status":"passed","title":"Step 5c: Product accessible in license scan","duration":11.781915000000026,"failureMessages":[],"meta":{}},{"ancestorTitles":["Integration: Product Lifecycle"],"fullName":"Integration: Product Lifecycle Step 6: Can create CRA report for new product","status":"passed","title":"Step 6: Can create CRA report for new product","duration":78.52574000000004,"failureMessages":[],"meta":{}},{"ancestorTitles":["Integration: Product Lifecycle"],"fullName":"Integration: Product Lifecycle Step 7: Delete the product","status":"passed","title":"Step 7: Delete the product","duration":163.80680799999982,"failureMessages":[],"meta":{}},{"ancestorTitles":["Integration: Product Lifecycle"],"fullName":"Integration: Product Lifecycle Step 8: Product no longer accessible","status":"passed","title":"Step 8: Product no longer accessible","duration":17.41500700000006,"failureMessages":[],"meta":{}},{"ancestorTitles":["Integration: Product Lifecycle"],"fullName":"Integration: Product Lifecycle Step 8b: Product removed from Neo4j","status":"passed","title":"Step 8b: Product removed from Neo4j","duration":6.802404999999908,"failureMessages":[],"meta":{}},{"ancestorTitles":["Integration: Product Lifecycle"],"fullName":"Integration: Product Lifecycle Step 8c: Product no longer in product list","status":"passed","title":"Step 8c: Product no longer in product list","duration":429.72966899999983,"failureMessages":[],"meta":{}}],"startTime":1772698712619,"endTime":1772698713828.7297,"status":"passed","message":"","name":"/home/mcburnia/cranis2/backend/tests/integration/product-lifecycle.test.ts"},{"assertionResults":[{"ancestorTitles":["Tier 3 Import Scanning — E2E","cranis-test-sourceonly (Tier 3 — pure import scanning)"],"fullName":"Tier 3 Import Scanning — E2E cranis-test-sourceonly (Tier 3 — pure import scanning) should sync successfully (200)","status":"passed","title":"should sync successfully (200)","duration":3.6261579999991227,"failureMessages":[],"meta":{}},{"ancestorTitles":["Tier 3 Import Scanning — E2E","cranis-test-sourceonly (Tier 3 — pure import scanning)"],"fullName":"Tier 3 Import Scanning — E2E cranis-test-sourceonly (Tier 3 — pure import scanning) should find dependencies via import scanning","status":"passed","title":"should find dependencies via import scanning","duration":1.5145659999998315,"failureMessages":[],"meta":{}},{"ancestorTitles":["Tier 3 Import Scanning — E2E","cranis-test-sourceonly (Tier 3 — pure import scanning)"],"fullName":"Tier 3 Import Scanning — E2E cranis-test-sourceonly (Tier 3 — pure import scanning) should detect a substantial number of packages (>20)","status":"passed","title":"should detect a substantial number of packages (>20)","duration":0.6327650000002905,"failureMessages":[],"meta":{}},{"ancestorTitles":["Tier 3 Import Scanning — E2E","cranis-test-sourceonly (Tier 3 — pure import scanning)"],"fullName":"Tier 3 Import Scanning — E2E cranis-test-sourceonly (Tier 3 — pure import scanning) should detect multiple languages in repo data","status":"passed","title":"should detect multiple languages in repo data","duration":1.4073550000011892,"failureMessages":[],"meta":{}},{"ancestorTitles":["Tier 3 Import Scanning — E2E","cranis-test-sourceonly (Tier 3 — pure import scanning)"],"fullName":"Tier 3 Import Scanning — E2E cranis-test-sourceonly (Tier 3 — pure import scanning) should have SBOM available for export after sync","status":"passed","title":"should have SBOM available for export after sync","duration":30.690794000000096,"failureMessages":[],"meta":{}},{"ancestorTitles":["Tier 3 Import Scanning — E2E","cranis-test-sourceonly (Tier 3 — pure import scanning)"],"fullName":"Tier 3 Import Scanning — E2E cranis-test-sourceonly (Tier 3 — pure import scanning) should produce valid CycloneDX export","status":"passed","title":"should produce valid CycloneDX export","duration":56.29084800000055,"failureMessages":[],"meta":{}},{"ancestorTitles":["Tier 3 Import Scanning — E2E","cranis-test-sourceonly (Tier 3 — pure import scanning)"],"fullName":"Tier 3 Import Scanning — E2E cranis-test-sourceonly (Tier 3 — pure import scanning) should produce valid SPDX export","status":"passed","title":"should produce valid SPDX export","duration":42.06800600000133,"failureMessages":[],"meta":{}},{"ancestorTitles":["Tier 3 Import Scanning — E2E","cranis-test-sourceonly (Tier 3 — pure import scanning)"],"fullName":"Tier 3 Import Scanning — E2E cranis-test-sourceonly (Tier 3 — pure import scanning) should detect Python dependencies in SBOM","status":"passed","title":"should detect Python dependencies in SBOM","duration":72.63655499999913,"failureMessages":[],"meta":{}},{"ancestorTitles":["Tier 3 Import Scanning — E2E","cranis-test-sourceonly (Tier 3 — pure import scanning)"],"fullName":"Tier 3 Import Scanning — E2E cranis-test-sourceonly (Tier 3 — pure import scanning) should detect JavaScript/TypeScript dependencies in SBOM","status":"passed","title":"should detect JavaScript/TypeScript dependencies in SBOM","duration":27.694580999999744,"failureMessages":[],"meta":{}},{"ancestorTitles":["Tier 3 Import Scanning — E2E","cranis-test-sourceonly (Tier 3 — pure import scanning)"],"fullName":"Tier 3 Import Scanning — E2E cranis-test-sourceonly (Tier 3 — pure import scanning) should detect Go dependencies in SBOM","status":"passed","title":"should detect Go dependencies in SBOM","duration":28.065867000001163,"failureMessages":[],"meta":{}},{"ancestorTitles":["Tier 3 Import Scanning — E2E","cranis-test-sourceonly (Tier 3 — pure import scanning)"],"fullName":"Tier 3 Import Scanning — E2E cranis-test-sourceonly (Tier 3 — pure import scanning) should detect Rust dependencies in SBOM","status":"passed","title":"should detect Rust dependencies in SBOM","duration":67.91183599999931,"failureMessages":[],"meta":{}},{"ancestorTitles":["Tier 3 Import Scanning — E2E","cranis-test-sourceonly (Tier 3 — pure import scanning)"],"fullName":"Tier 3 Import Scanning — E2E cranis-test-sourceonly (Tier 3 — pure import scanning) should detect C/C++ dependencies in SBOM","status":"passed","title":"should detect C/C++ dependencies in SBOM","duration":23.041482000000542,"failureMessages":[],"meta":{}},{"ancestorTitles":["Tier 3 Import Scanning — E2E","cranis-test-sourceonly (Tier 3 — pure import scanning)"],"fullName":"Tier 3 Import Scanning — E2E cranis-test-sourceonly (Tier 3 — pure import scanning) should detect Ruby dependencies in SBOM","status":"passed","title":"should detect Ruby dependencies in SBOM","duration":21.824577000001227,"failureMessages":[],"meta":{}},{"ancestorTitles":["Tier 3 Import Scanning — E2E","cranis-test-webstack (Tier 2 — lockfile parsing)"],"fullName":"Tier 3 Import Scanning — E2E cranis-test-webstack (Tier 2 — lockfile parsing) should sync successfully","status":"passed","title":"should sync successfully","duration":0.8199080000013055,"failureMessages":[],"meta":{}},{"ancestorTitles":["Tier 3 Import Scanning — E2E","cranis-test-webstack (Tier 2 — lockfile parsing)"],"fullName":"Tier 3 Import Scanning — E2E cranis-test-webstack (Tier 2 — lockfile parsing) should find dependencies","status":"passed","title":"should find dependencies","duration":0.5001620000002731,"failureMessages":[],"meta":{}},{"ancestorTitles":["Tier 3 Import Scanning — E2E","cranis-test-webstack (Tier 2 — lockfile parsing)"],"fullName":"Tier 3 Import Scanning — E2E cranis-test-webstack (Tier 2 — lockfile parsing) should find a meaningful number of packages (lockfiles have more than imports)","status":"passed","title":"should find a meaningful number of packages (lockfiles have more than imports)","duration":0.4211799999975483,"failureMessages":[],"meta":{}},{"ancestorTitles":["Tier 3 Import Scanning — E2E","cranis-test-webstack (Tier 2 — lockfile parsing)"],"fullName":"Tier 3 Import Scanning — E2E cranis-test-webstack (Tier 2 — lockfile parsing) should have SBOM export available","status":"passed","title":"should have SBOM export available","duration":18.776379999999335,"failureMessages":[],"meta":{}},{"ancestorTitles":["Tier 3 Import Scanning — E2E","cranis-test-research (exotic languages)"],"fullName":"Tier 3 Import Scanning — E2E cranis-test-research (exotic languages) should sync successfully","status":"passed","title":"should sync successfully","duration":0.42484999999942374,"failureMessages":[],"meta":{}},{"ancestorTitles":["Tier 3 Import Scanning — E2E","cranis-test-research (exotic languages)"],"fullName":"Tier 3 Import Scanning — E2E cranis-test-research (exotic languages) should find dependencies","status":"passed","title":"should find dependencies","duration":0.25069799999982934,"failureMessages":[],"meta":{}},{"ancestorTitles":["Tier 3 Import Scanning — E2E","cranis-test-research (exotic languages)"],"fullName":"Tier 3 Import Scanning — E2E cranis-test-research (exotic languages) should detect exotic languages in languages breakdown","status":"passed","title":"should detect exotic languages in languages breakdown","duration":0.5591690000001108,"failureMessages":[],"meta":{}},{"ancestorTitles":["Tier 3 Import Scanning — E2E","cranis-test-bare (graceful fallback — no deps)"],"fullName":"Tier 3 Import Scanning — E2E cranis-test-bare (graceful fallback — no deps) should sync without error (200)","status":"passed","title":"should sync without error (200)","duration":1.2888199999979406,"failureMessages":[],"meta":{}},{"ancestorTitles":["Tier 3 Import Scanning — E2E","cranis-test-bare (graceful fallback — no deps)"],"fullName":"Tier 3 Import Scanning — E2E cranis-test-bare (graceful fallback — no deps) should have null or zero-package SBOM","status":"passed","title":"should have null or zero-package SBOM","duration":1.1662319999995816,"failureMessages":[],"meta":{}},{"ancestorTitles":["Tier 3 Import Scanning — E2E","cranis-test-bare (graceful fallback — no deps)"],"fullName":"Tier 3 Import Scanning — E2E cranis-test-bare (graceful fallback — no deps) should still return repo metadata","status":"passed","title":"should still return repo metadata","duration":0.8845189999992726,"failureMessages":[],"meta":{}},{"ancestorTitles":["Tier 3 Import Scanning — E2E","Cross-tier behavior verification"],"fullName":"Tier 3 Import Scanning — E2E Cross-tier behavior verification all repos should sync without 500 errors","status":"passed","title":"all repos should sync without 500 errors","duration":0.6077019999975164,"failureMessages":[],"meta":{}}],"startTime":1772698518035,"endTime":1772698534316.6077,"status":"passed","message":"","name":"/home/mcburnia/cranis2/backend/tests/integration/tier3-import-scanning.test.ts"},{"assertionResults":[{"ancestorTitles":["/api/admin","access control — non-admin user"],"fullName":"/api/admin access control — non-admin user should reject non-admin on /api/admin/dashboard","status":"passed","title":"should reject non-admin on /api/admin/dashboard","duration":21.088036000000102,"failureMessages":[],"meta":{}},{"ancestorTitles":["/api/admin","access control — non-admin user"],"fullName":"/api/admin access control — non-admin user should reject non-admin on /api/admin/orgs","status":"passed","title":"should reject non-admin on /api/admin/orgs","duration":13.85481499999969,"failureMessages":[],"meta":{}},{"ancestorTitles":["/api/admin","access control — non-admin user"],"fullName":"/api/admin access control — non-admin user should reject non-admin on /api/admin/users","status":"passed","title":"should reject non-admin on /api/admin/users","duration":14.50640599999997,"failureMessages":[],"meta":{}},{"ancestorTitles":["/api/admin","access control — non-admin user"],"fullName":"/api/admin access control — non-admin user should reject non-admin on /api/admin/audit-log","status":"passed","title":"should reject non-admin on /api/admin/audit-log","duration":11.414665000000241,"failureMessages":[],"meta":{}},{"ancestorTitles":["/api/admin","access control — non-admin user"],"fullName":"/api/admin access control — non-admin user should reject non-admin on /api/admin/system","status":"passed","title":"should reject non-admin on /api/admin/system","duration":9.762653000000228,"failureMessages":[],"meta":{}},{"ancestorTitles":["/api/admin","access control — non-admin user"],"fullName":"/api/admin access control — non-admin user should reject non-admin on /api/admin/vulnerability-scan/status","status":"passed","title":"should reject non-admin on /api/admin/vulnerability-scan/status","duration":10.194020999999793,"failureMessages":[],"meta":{}},{"ancestorTitles":["/api/admin","access control — non-admin user"],"fullName":"/api/admin access control — non-admin user should reject non-admin on /api/admin/vulnerability-db/status","status":"passed","title":"should reject non-admin on /api/admin/vulnerability-db/status","duration":10.264705000000049,"failureMessages":[],"meta":{}},{"ancestorTitles":["/api/admin","access control — non-admin user"],"fullName":"/api/admin access control — non-admin user should reject non-admin on /api/admin/feedback","status":"passed","title":"should reject non-admin on /api/admin/feedback","duration":13.898521999999957,"failureMessages":[],"meta":{}},{"ancestorTitles":["/api/admin","access control — non-admin user"],"fullName":"/api/admin access control — non-admin user should reject non-admin on /api/admin/webhook-health","status":"passed","title":"should reject non-admin on /api/admin/webhook-health","duration":10.963366999999835,"failureMessages":[],"meta":{}},{"ancestorTitles":["/api/admin","access control — platform admin"],"fullName":"/api/admin access control — platform admin should allow platform admin on /api/admin/dashboard","status":"passed","title":"should allow platform admin on /api/admin/dashboard","duration":181.38181200000008,"failureMessages":[],"meta":{}},{"ancestorTitles":["/api/admin","access control — platform admin"],"fullName":"/api/admin access control — platform admin should allow platform admin on /api/admin/orgs","status":"passed","title":"should allow platform admin on /api/admin/orgs","duration":97.66956600000003,"failureMessages":[],"meta":{}},{"ancestorTitles":["/api/admin","access control — platform admin"],"fullName":"/api/admin access control — platform admin should allow platform admin on /api/admin/users","status":"passed","title":"should allow platform admin on /api/admin/users","duration":40.981436999999914,"failureMessages":[],"meta":{}},{"ancestorTitles":["/api/admin","access control — platform admin"],"fullName":"/api/admin access control — platform admin should allow platform admin on /api/admin/audit-log","status":"passed","title":"should allow platform admin on /api/admin/audit-log","duration":55.016505999999936,"failureMessages":[],"meta":{}},{"ancestorTitles":["/api/admin","access control — platform admin"],"fullName":"/api/admin access control — platform admin should allow platform admin on /api/admin/system","status":"passed","title":"should allow platform admin on /api/admin/system","duration":1616.0442810000004,"failureMessages":[],"meta":{}},{"ancestorTitles":["/api/admin","access control — platform admin"],"fullName":"/api/admin access control — platform admin should allow platform admin on /api/admin/vulnerability-scan/status","status":"passed","title":"should allow platform admin on /api/admin/vulnerability-scan/status","duration":10.606901000000107,"failureMessages":[],"meta":{}},{"ancestorTitles":["/api/admin","access control — platform admin"],"fullName":"/api/admin access control — platform admin should allow platform admin on /api/admin/vulnerability-db/status","status":"passed","title":"should allow platform admin on /api/admin/vulnerability-db/status","duration":6.924440000000686,"failureMessages":[],"meta":{}},{"ancestorTitles":["/api/admin","access control — platform admin"],"fullName":"/api/admin access control — platform admin should allow platform admin on /api/admin/feedback","status":"passed","title":"should allow platform admin on /api/admin/feedback","duration":17.3268879999996,"failureMessages":[],"meta":{}},{"ancestorTitles":["/api/admin","access control — platform admin"],"fullName":"/api/admin access control — platform admin should allow platform admin on /api/admin/webhook-health","status":"passed","title":"should allow platform admin on /api/admin/webhook-health","duration":12.290095000000292,"failureMessages":[],"meta":{}},{"ancestorTitles":["/api/admin","GET /api/admin/dashboard"],"fullName":"/api/admin GET /api/admin/dashboard should return dashboard data for platform admin","status":"passed","title":"should return dashboard data for platform admin","duration":105.74767299999985,"failureMessages":[],"meta":{}},{"ancestorTitles":["/api/admin","GET /api/admin/orgs"],"fullName":"/api/admin GET /api/admin/orgs should return orgs list for platform admin","status":"passed","title":"should return orgs list for platform admin","duration":87.6851200000001,"failureMessages":[],"meta":{}},{"ancestorTitles":["/api/admin","GET /api/admin/users"],"fullName":"/api/admin GET /api/admin/users should return users list for platform admin","status":"passed","title":"should return users list for platform admin","duration":40.22415499999988,"failureMessages":[],"meta":{}}],"startTime":1772698665486,"endTime":1772698667877.224,"status":"passed","message":"","name":"/home/mcburnia/cranis2/backend/tests/routes/admin.test.ts"},{"assertionResults":[{"ancestorTitles":["/api/audit-log","GET /api/audit-log"],"fullName":"/api/audit-log GET /api/audit-log should reject unauthenticated request","status":"passed","title":"should reject unauthenticated request","duration":12.258480999999847,"failureMessages":[],"meta":{}},{"ancestorTitles":["/api/audit-log","GET /api/audit-log"],"fullName":"/api/audit-log GET /api/audit-log should return events array for org","status":"passed","title":"should return events array for org","duration":76.61111100000016,"failureMessages":[],"meta":{}},{"ancestorTitles":["/api/audit-log","GET /api/audit-log"],"fullName":"/api/audit-log GET /api/audit-log should have expected fields on events","status":"passed","title":"should have expected fields on events","duration":65.07761000000028,"failureMessages":[],"meta":{}}],"startTime":1772698792430,"endTime":1772698792584.0776,"status":"passed","message":"","name":"/home/mcburnia/cranis2/backend/tests/routes/audit-log.test.ts"},{"assertionResults":[{"ancestorTitles":["/api/auth","POST /register"],"fullName":"/api/auth POST /register should reject missing email","status":"passed","title":"should reject missing email","duration":90.46393699999999,"failureMessages":[],"meta":{}},{"ancestorTitles":["/api/auth","POST /register"],"fullName":"/api/auth POST /register should reject missing password","status":"passed","title":"should reject missing password","duration":15.285288000000037,"failureMessages":[],"meta":{}},{"ancestorTitles":["/api/auth","POST /register"],"fullName":"/api/auth POST /register should reject weak password (no uppercase)","status":"passed","title":"should reject weak password (no uppercase)","duration":9.530894999999873,"failureMessages":[],"meta":{}},{"ancestorTitles":["/api/auth","POST /register"],"fullName":"/api/auth POST /register should reject weak password (no special char)","status":"passed","title":"should reject weak password (no special char)","duration":8.59479199999987,"failureMessages":[],"meta":{}},{"ancestorTitles":["/api/auth","POST /register"],"fullName":"/api/auth POST /register should reject weak password (too short)","status":"passed","title":"should reject weak password (too short)","duration":7.522060000000238,"failureMessages":[],"meta":{}},{"ancestorTitles":["/api/auth","POST /register"],"fullName":"/api/auth POST /register should reject duplicate email for verified user","status":"passed","title":"should reject duplicate email for verified user","duration":7.695756999999958,"failureMessages":[],"meta":{}},{"ancestorTitles":["/api/auth","POST /register"],"fullName":"/api/auth POST /register should register new user","status":"passed","title":"should register new user","duration":739.5198289999998,"failureMessages":[],"meta":{}},{"ancestorTitles":["/api/auth","POST /login"],"fullName":"/api/auth POST /login should reject missing credentials","status":"passed","title":"should reject missing credentials","duration":9.46322199999986,"failureMessages":[],"meta":{}},{"ancestorTitles":["/api/auth","POST /login"],"fullName":"/api/auth POST /login should reject non-existent email","status":"passed","title":"should reject non-existent email","duration":79.42170199999964,"failureMessages":[],"meta":{}},{"ancestorTitles":["/api/auth","POST /login"],"fullName":"/api/auth POST /login should reject wrong password","status":"passed","title":"should reject wrong password","duration":144.03524900000002,"failureMessages":[],"meta":{}},{"ancestorTitles":["/api/auth","POST /login"],"fullName":"/api/auth POST /login should reject suspended user","status":"passed","title":"should reject suspended user","duration":116.74678199999971,"failureMessages":[],"meta":{}},{"ancestorTitles":["/api/auth","POST /login"],"fullName":"/api/auth POST /login should login valid user and return session","status":"passed","title":"should login valid user and return session","duration":185.21527000000015,"failureMessages":[],"meta":{}},{"ancestorTitles":["/api/auth","GET /me"],"fullName":"/api/auth GET /me should reject unauthenticated request","status":"passed","title":"should reject unauthenticated request","duration":10.306543000000147,"failureMessages":[],"meta":{}},{"ancestorTitles":["/api/auth","GET /me"],"fullName":"/api/auth GET /me should reject invalid token","status":"passed","title":"should reject invalid token","duration":10.783798999999817,"failureMessages":[],"meta":{}},{"ancestorTitles":["/api/auth","GET /me"],"fullName":"/api/auth GET /me should return user info for valid token","status":"passed","title":"should return user info for valid token","duration":157.36583199999995,"failureMessages":[],"meta":{}},{"ancestorTitles":["/api/auth","GET /me"],"fullName":"/api/auth GET /me should return null orgId for orphan user","status":"passed","title":"should return null orgId for orphan user","duration":165.7061960000001,"failureMessages":[],"meta":{}},{"ancestorTitles":["/api/auth","GET /me"],"fullName":"/api/auth GET /me should return isPlatformAdmin for platform admin","status":"passed","title":"should return isPlatformAdmin for platform admin","duration":167.5826009999996,"failureMessages":[],"meta":{}}],"startTime":1772698695043,"endTime":1772698696972.5825,"status":"passed","message":"","name":"/home/mcburnia/cranis2/backend/tests/routes/auth.test.ts"},{"assertionResults":[{"ancestorTitles":["/api/billing","GET /api/billing/status"],"fullName":"/api/billing GET /api/billing/status should reject unauthenticated request","status":"passed","title":"should reject unauthenticated request","duration":80.75903599999992,"failureMessages":[],"meta":{}},{"ancestorTitles":["/api/billing","GET /api/billing/status"],"fullName":"/api/billing GET /api/billing/status should return billing status for active org","status":"passed","title":"should return billing status for active org","duration":199.72211900000002,"failureMessages":[],"meta":{}},{"ancestorTitles":["/api/billing","GET /api/billing/status"],"fullName":"/api/billing GET /api/billing/status should include all expected billing fields","status":"passed","title":"should include all expected billing fields","duration":18.655217999999877,"failureMessages":[],"meta":{}},{"ancestorTitles":["/api/billing","GET /api/billing/status"],"fullName":"/api/billing GET /api/billing/status should return trial status for trial org","status":"passed","title":"should return trial status for trial org","duration":162.58392600000025,"failureMessages":[],"meta":{}},{"ancestorTitles":["/api/billing","GET /api/billing/status"],"fullName":"/api/billing GET /api/billing/status should return suspended status for suspended org","status":"passed","title":"should return suspended status for suspended org","duration":192.87844799999993,"failureMessages":[],"meta":{}},{"ancestorTitles":["/api/billing","GET /api/billing/status"],"fullName":"/api/billing GET /api/billing/status should return read_only status for read-only org","status":"passed","title":"should return read_only status for read-only org","duration":176.81985899999972,"failureMessages":[],"meta":{}},{"ancestorTitles":["/api/billing","GET /api/billing/status"],"fullName":"/api/billing GET /api/billing/status should return past_due status for past-due org","status":"passed","title":"should return past_due status for past-due org","duration":176.0528690000001,"failureMessages":[],"meta":{}},{"ancestorTitles":["/api/billing","GET /api/billing/status"],"fullName":"/api/billing GET /api/billing/status should return different billing data for different orgs","status":"passed","title":"should return different billing data for different orgs","duration":66.79092600000013,"failureMessages":[],"meta":{}}],"startTime":1772698731121,"endTime":1772698732195.791,"status":"passed","message":"","name":"/home/mcburnia/cranis2/backend/tests/routes/billing.test.ts"},{"assertionResults":[{"ancestorTitles":["GET /api/products/:productId/compliance-checklist"],"fullName":"GET /api/products/:productId/compliance-checklist should reject unauthenticated requests","status":"passed","title":"should reject unauthenticated requests","duration":13.884121999999934,"failureMessages":[],"meta":{}},{"ancestorTitles":["GET /api/products/:productId/compliance-checklist"],"fullName":"GET /api/products/:productId/compliance-checklist should return 404 for a product belonging to another org","status":"passed","title":"should return 404 for a product belonging to another org","duration":23.266794000000118,"failureMessages":[],"meta":{}},{"ancestorTitles":["GET /api/products/:productId/compliance-checklist"],"fullName":"GET /api/products/:productId/compliance-checklist should return 200 with the expected top-level shape","status":"passed","title":"should return 200 with the expected top-level shape","duration":34.439608000000135,"failureMessages":[],"meta":{}},{"ancestorTitles":["GET /api/products/:productId/compliance-checklist"],"fullName":"GET /api/products/:productId/compliance-checklist should return exactly 7 steps","status":"passed","title":"should return exactly 7 steps","duration":38.48181399999976,"failureMessages":[],"meta":{}},{"ancestorTitles":["GET /api/products/:productId/compliance-checklist"],"fullName":"GET /api/products/:productId/compliance-checklist should have the expected fields on each step","status":"passed","title":"should have the expected fields on each step","duration":54.20587899999964,"failureMessages":[],"meta":{}},{"ancestorTitles":["GET /api/products/:productId/compliance-checklist"],"fullName":"GET /api/products/:productId/compliance-checklist should include 2 CRA deadline entries","status":"passed","title":"should include 2 CRA deadline entries","duration":49.32445800000005,"failureMessages":[],"meta":{}},{"ancestorTitles":["GET /api/products/:productId/compliance-checklist"],"fullName":"GET /api/products/:productId/compliance-checklist should mark step 2 (set CRA category) complete for the seeded github product","status":"passed","title":"should mark step 2 (set CRA category) complete for the seeded github product","duration":40.98299300000008,"failureMessages":[],"meta":{}},{"ancestorTitles":["GET /api/products/:productId/compliance-checklist"],"fullName":"GET /api/products/:productId/compliance-checklist should mark step 3 (triage findings) incomplete when open findings exist","status":"passed","title":"should mark step 3 (triage findings) incomplete when open findings exist","duration":39.834757999999965,"failureMessages":[],"meta":{}},{"ancestorTitles":["GET /api/products/:productId/compliance-checklist"],"fullName":"GET /api/products/:productId/compliance-checklist should report stepsComplete consistent with individual step states","status":"passed","title":"should report stepsComplete consistent with individual step states","duration":30.619555999999648,"failureMessages":[],"meta":{}},{"ancestorTitles":["GET /api/products/:productId/compliance-checklist"],"fullName":"GET /api/products/:productId/compliance-checklist should not expose data from another org product","status":"passed","title":"should not expose data from another org product","duration":12.614024999999856,"failureMessages":[],"meta":{}}],"startTime":1772698763338,"endTime":1772698763676.614,"status":"passed","message":"","name":"/home/mcburnia/cranis2/backend/tests/routes/compliance-checklist.test.ts"},{"assertionResults":[{"ancestorTitles":["/api/compliance-timeline","GET /:productId"],"fullName":"/api/compliance-timeline GET /:productId should reject unauthenticated request","status":"passed","title":"should reject unauthenticated request","duration":12.077170000000024,"failureMessages":[],"meta":{}},{"ancestorTitles":["/api/compliance-timeline","GET /:productId"],"fullName":"/api/compliance-timeline GET /:productId should return timeline data for product","status":"passed","title":"should return timeline data for product","duration":166.03046799999993,"failureMessages":[],"meta":{}},{"ancestorTitles":["/api/compliance-timeline","GET /:productId"],"fullName":"/api/compliance-timeline GET /:productId should return correct product name","status":"passed","title":"should return correct product name","duration":147.72882400000026,"failureMessages":[],"meta":{}},{"ancestorTitles":["/api/compliance-timeline","GET /:productId"],"fullName":"/api/compliance-timeline GET /:productId should return timeline data for product with CRA reports","status":"passed","title":"should return timeline data for product with CRA reports","duration":137.35755500000005,"failureMessages":[],"meta":{}},{"ancestorTitles":["/api/compliance-timeline","GET /:productId"],"fullName":"/api/compliance-timeline GET /:productId should return 404 for non-existent product","status":"passed","title":"should return 404 for non-existent product","duration":11.082854000000225,"failureMessages":[],"meta":{}},{"ancestorTitles":["/api/compliance-timeline","Cross-org isolation"],"fullName":"/api/compliance-timeline Cross-org isolation should not allow impAdmin to access mfg product timeline","status":"passed","title":"should not allow impAdmin to access mfg product timeline","duration":6.931304000000182,"failureMessages":[],"meta":{}},{"ancestorTitles":["/api/compliance-timeline","Cross-org isolation"],"fullName":"/api/compliance-timeline Cross-org isolation should allow impAdmin to access their own product timeline","status":"passed","title":"should allow impAdmin to access their own product timeline","duration":18.512706999999864,"failureMessages":[],"meta":{}}],"startTime":1772698745021,"endTime":1772698745521.5127,"status":"passed","message":"","name":"/home/mcburnia/cranis2/backend/tests/routes/compliance-timeline.test.ts"},{"assertionResults":[{"ancestorTitles":["/api/cra-reports","GET /eu-countries"],"fullName":"/api/cra-reports GET /eu-countries should return EU27 member states","status":"passed","title":"should return EU27 member states","duration":18.18249700000024,"failureMessages":[],"meta":{}},{"ancestorTitles":["/api/cra-reports","GET /overview"],"fullName":"/api/cra-reports GET /overview should reject unauthenticated request","status":"passed","title":"should reject unauthenticated request","duration":7.44914800000015,"failureMessages":[],"meta":{}},{"ancestorTitles":["/api/cra-reports","GET /overview"],"fullName":"/api/cra-reports GET /overview should return overview metrics","status":"passed","title":"should return overview metrics","duration":25.75993500000004,"failureMessages":[],"meta":{}},{"ancestorTitles":["/api/cra-reports","GET / (list)"],"fullName":"/api/cra-reports GET / (list) should list all reports for org","status":"passed","title":"should list all reports for org","duration":226.4351590000001,"failureMessages":[],"meta":{}},{"ancestorTitles":["/api/cra-reports","GET / (list)"],"fullName":"/api/cra-reports GET / (list) should filter by status","status":"passed","title":"should filter by status","duration":243.0644000000002,"failureMessages":[],"meta":{}},{"ancestorTitles":["/api/cra-reports","GET / (list)"],"fullName":"/api/cra-reports GET / (list) should filter by product_id","status":"passed","title":"should filter by product_id","duration":197.77649999999994,"failureMessages":[],"meta":{}},{"ancestorTitles":["/api/cra-reports","GET / (list)"],"fullName":"/api/cra-reports GET / (list) should filter by report_type","status":"passed","title":"should filter by report_type","duration":24.964551999999912,"failureMessages":[],"meta":{}},{"ancestorTitles":["/api/cra-reports","POST / (create)"],"fullName":"/api/cra-reports POST / (create) should reject without productId","status":"passed","title":"should reject without productId","duration":9.02832699999999,"failureMessages":[],"meta":{}},{"ancestorTitles":["/api/cra-reports","POST / (create)"],"fullName":"/api/cra-reports POST / (create) should create vulnerability report with correct deadlines","status":"passed","title":"should create vulnerability report with correct deadlines","duration":90.92913700000008,"failureMessages":[],"meta":{}},{"ancestorTitles":["/api/cra-reports","POST / (create)"],"fullName":"/api/cra-reports POST / (create) should create incident report","status":"passed","title":"should create incident report","duration":91.10626999999977,"failureMessages":[],"meta":{}},{"ancestorTitles":["/api/cra-reports","GET /:id (detail)"],"fullName":"/api/cra-reports GET /:id (detail) should return report detail with stages","status":"passed","title":"should return report detail with stages","duration":33.77139399999987,"failureMessages":[],"meta":{}},{"ancestorTitles":["/api/cra-reports","GET /:id (detail)"],"fullName":"/api/cra-reports GET /:id (detail) should return 404 for non-existent report","status":"passed","title":"should return 404 for non-existent report","duration":13.963007000000289,"failureMessages":[],"meta":{}},{"ancestorTitles":["/api/cra-reports","GET /:id (detail)"],"fullName":"/api/cra-reports GET /:id (detail) should return report by ID","status":"passed","title":"should return report by ID","duration":23.52820500000007,"failureMessages":[],"meta":{}},{"ancestorTitles":["/api/cra-reports","PUT /:id (update)"],"fullName":"/api/cra-reports PUT /:id (update) should update draft report metadata","status":"passed","title":"should update draft report metadata","duration":26.443701000000146,"failureMessages":[],"meta":{}},{"ancestorTitles":["/api/cra-reports","PUT /:id (update)"],"fullName":"/api/cra-reports PUT /:id (update) should handle update on closed report","status":"passed","title":"should handle update on closed report","duration":25.744514999999865,"failureMessages":[],"meta":{}},{"ancestorTitles":["/api/cra-reports","POST /:id/stages"],"fullName":"/api/cra-reports POST /:id/stages should submit early_warning stage for a fresh draft report","status":"passed","title":"should submit early_warning stage for a fresh draft report","duration":192.55553499999996,"failureMessages":[],"meta":{}},{"ancestorTitles":["/api/cra-reports","POST /:id/stages"],"fullName":"/api/cra-reports POST /:id/stages should reject skipping stages (notification before early_warning)","status":"passed","title":"should reject skipping stages (notification before early_warning)","duration":116.898686,"failureMessages":[],"meta":{}},{"ancestorTitles":["/api/cra-reports","POST /:id/stages"],"fullName":"/api/cra-reports POST /:id/stages should allow intermediate stage at any time","status":"passed","title":"should allow intermediate stage at any time","duration":81.09021600000005,"failureMessages":[],"meta":{}},{"ancestorTitles":["/api/cra-reports","POST /:id/close"],"fullName":"/api/cra-reports POST /:id/close should handle closing a report","status":"passed","title":"should handle closing a report","duration":183.60878999999977,"failureMessages":[],"meta":{}},{"ancestorTitles":["/api/cra-reports","DELETE /:id"],"fullName":"/api/cra-reports DELETE /:id should delete a draft report","status":"passed","title":"should delete a draft report","duration":170.31872100000055,"failureMessages":[],"meta":{}},{"ancestorTitles":["/api/cra-reports","DELETE /:id"],"fullName":"/api/cra-reports DELETE /:id should not delete non-draft report","status":"passed","title":"should not delete non-draft report","duration":18.488562000000456,"failureMessages":[],"meta":{}},{"ancestorTitles":["/api/cra-reports","Cross-org isolation"],"fullName":"/api/cra-reports Cross-org isolation should not return reports from other orgs","status":"passed","title":"should not return reports from other orgs","duration":162.80322799999976,"failureMessages":[],"meta":{}},{"ancestorTitles":["/api/cra-reports","Cross-org isolation"],"fullName":"/api/cra-reports Cross-org isolation should not access another org report by ID","status":"passed","title":"should not access another org report by ID","duration":15.411219000000528,"failureMessages":[],"meta":{}}],"startTime":1772698690738,"endTime":1772698692743.4111,"status":"passed","message":"","name":"/home/mcburnia/cranis2/backend/tests/routes/cra-reports.test.ts"},{"assertionResults":[{"ancestorTitles":["/api/dashboard","GET /api/dashboard/summary"],"fullName":"/api/dashboard GET /api/dashboard/summary should reject unauthenticated request","status":"passed","title":"should reject unauthenticated request","duration":79.81790600000022,"failureMessages":[],"meta":{}},{"ancestorTitles":["/api/dashboard","GET /api/dashboard/summary"],"fullName":"/api/dashboard GET /api/dashboard/summary should return dashboard summary for active org","status":"passed","title":"should return dashboard summary for active org","duration":8752.488743,"failureMessages":[],"meta":{}},{"ancestorTitles":["/api/dashboard","GET /api/dashboard/summary"],"fullName":"/api/dashboard GET /api/dashboard/summary should return empty/zero stats for empty org","status":"passed","title":"should return empty/zero stats for empty org","duration":196.61663599999883,"failureMessages":[],"meta":{}},{"ancestorTitles":["/api/dashboard","CRA Readiness Scorecard"],"fullName":"/api/dashboard CRA Readiness Scorecard should include overallReadiness in dashboard summary","status":"passed","title":"should include overallReadiness in dashboard summary","duration":5756.203800999998,"failureMessages":[],"meta":{}},{"ancestorTitles":["/api/dashboard","CRA Readiness Scorecard"],"fullName":"/api/dashboard CRA Readiness Scorecard should include craReadiness on each product","status":"passed","title":"should include craReadiness on each product","duration":5791.975416999998,"failureMessages":[],"meta":{}},{"ancestorTitles":["/api/dashboard","CRA Readiness Scorecard"],"fullName":"/api/dashboard CRA Readiness Scorecard should return 0 overallReadiness for empty org","status":"passed","title":"should return 0 overallReadiness for empty org","duration":35.8486699999994,"failureMessages":[],"meta":{}},{"ancestorTitles":["/api/dashboard","CRA Readiness Scorecard"],"fullName":"/api/dashboard CRA Readiness Scorecard readiness should match round(met/total * 100) for each product","status":"passed","title":"readiness should match round(met/total * 100) for each product","duration":5640.674212999998,"failureMessages":[],"meta":{}},{"ancestorTitles":["/api/dashboard","CRA Readiness Scorecard"],"fullName":"/api/dashboard CRA Readiness Scorecard overallReadiness should be weighted average across products","status":"passed","title":"overallReadiness should be weighted average across products","duration":5477.736753000001,"failureMessages":[],"meta":{}},{"ancestorTitles":["/api/dashboard","CRA Readiness Scorecard"],"fullName":"/api/dashboard CRA Readiness Scorecard met should never exceed total for any product","status":"passed","title":"met should never exceed total for any product","duration":5330.7819429999945,"failureMessages":[],"meta":{}},{"ancestorTitles":["/api/dashboard","Support Status"],"fullName":"/api/dashboard Support Status should include supportStatus on each product","status":"passed","title":"should include supportStatus on each product","duration":5839.350440000002,"failureMessages":[],"meta":{}},{"ancestorTitles":["/api/dashboard","Support Status"],"fullName":"/api/dashboard Support Status supportStatus.status should be a valid value","status":"passed","title":"supportStatus.status should be a valid value","duration":5412.040116000004,"failureMessages":[],"meta":{}},{"ancestorTitles":["/api/dashboard","Support Status"],"fullName":"/api/dashboard Support Status should return not_set with null daysRemaining when no end date","status":"passed","title":"should return not_set with null daysRemaining when no end date","duration":5610.748719000003,"failureMessages":[],"meta":{}},{"ancestorTitles":["/api/dashboard","Support Status"],"fullName":"/api/dashboard Support Status should return supportStatus for empty org without error","status":"passed","title":"should return supportStatus for empty org without error","duration":32.057409000000916,"failureMessages":[],"meta":{}}],"startTime":1772698323872,"endTime":1772698377833.0574,"status":"passed","message":"","name":"/home/mcburnia/cranis2/backend/tests/routes/dashboard.test.ts"},{"assertionResults":[{"ancestorTitles":["/api/due-diligence","GET /:productId/preview"],"fullName":"/api/due-diligence GET /:productId/preview should reject unauthenticated request","status":"passed","title":"should reject unauthenticated request","duration":14.358658000000105,"failureMessages":[],"meta":{}},{"ancestorTitles":["/api/due-diligence","GET /:productId/preview"],"fullName":"/api/due-diligence GET /:productId/preview should return preview data for product","status":"passed","title":"should return preview data for product","duration":71.02563000000009,"failureMessages":[],"meta":{}},{"ancestorTitles":["/api/due-diligence","GET /:productId/preview"],"fullName":"/api/due-diligence GET /:productId/preview should include product details in response","status":"passed","title":"should include product details in response","duration":39.695694,"failureMessages":[],"meta":{}},{"ancestorTitles":["/api/due-diligence","GET /:productId/preview"],"fullName":"/api/due-diligence GET /:productId/preview should include organisation details in response","status":"passed","title":"should include organisation details in response","duration":59.75948699999981,"failureMessages":[],"meta":{}},{"ancestorTitles":["/api/due-diligence","GET /:productId/preview"],"fullName":"/api/due-diligence GET /:productId/preview should return 404 for non-existent product","status":"passed","title":"should return 404 for non-existent product","duration":17.323562000000038,"failureMessages":[],"meta":{}},{"ancestorTitles":["/api/due-diligence","Cross-org isolation"],"fullName":"/api/due-diligence Cross-org isolation should not allow impAdmin to access mfg product preview","status":"passed","title":"should not allow impAdmin to access mfg product preview","duration":8.964292999999998,"failureMessages":[],"meta":{}},{"ancestorTitles":["/api/due-diligence","Cross-org isolation"],"fullName":"/api/due-diligence Cross-org isolation should allow impAdmin to access their own product preview","status":"passed","title":"should allow impAdmin to access their own product preview","duration":28.695557000000008,"failureMessages":[],"meta":{}}],"startTime":1772698760277,"endTime":1772698760519.6956,"status":"passed","message":"","name":"/home/mcburnia/cranis2/backend/tests/routes/due-diligence.test.ts"},{"assertionResults":[{"ancestorTitles":["/api/escrow","GET /:productId/config"],"fullName":"/api/escrow GET /:productId/config should reject unauthenticated request","status":"passed","title":"should reject unauthenticated request","duration":16.71043299999974,"failureMessages":[],"meta":{}},{"ancestorTitles":["/api/escrow","GET /:productId/config"],"fullName":"/api/escrow GET /:productId/config should return escrow config for product","status":"passed","title":"should return escrow config for product","duration":34.93681599999991,"failureMessages":[],"meta":{}},{"ancestorTitles":["/api/escrow","GET /:productId/config"],"fullName":"/api/escrow GET /:productId/config should return 404 for non-existent product","status":"passed","title":"should return 404 for non-existent product","duration":18.987021999999797,"failureMessages":[],"meta":{}},{"ancestorTitles":["/api/escrow","GET /:productId/deposits"],"fullName":"/api/escrow GET /:productId/deposits should reject unauthenticated request","status":"passed","title":"should reject unauthenticated request","duration":6.619200000000092,"failureMessages":[],"meta":{}},{"ancestorTitles":["/api/escrow","GET /:productId/deposits"],"fullName":"/api/escrow GET /:productId/deposits should return deposits array with pagination","status":"passed","title":"should return deposits array with pagination","duration":29.231333000000177,"failureMessages":[],"meta":{}},{"ancestorTitles":["/api/escrow","GET /:productId/deposits"],"fullName":"/api/escrow GET /:productId/deposits should return 404 for non-existent product","status":"passed","title":"should return 404 for non-existent product","duration":9.18051000000014,"failureMessages":[],"meta":{}},{"ancestorTitles":["/api/escrow","Cross-org isolation"],"fullName":"/api/escrow Cross-org isolation should not allow impAdmin to access mfg product escrow config","status":"passed","title":"should not allow impAdmin to access mfg product escrow config","duration":9.07978699999967,"failureMessages":[],"meta":{}},{"ancestorTitles":["/api/escrow","Cross-org isolation"],"fullName":"/api/escrow Cross-org isolation should not allow impAdmin to access mfg product escrow deposits","status":"passed","title":"should not allow impAdmin to access mfg product escrow deposits","duration":9.294741000000158,"failureMessages":[],"meta":{}},{"ancestorTitles":["/api/escrow","Cross-org isolation"],"fullName":"/api/escrow Cross-org isolation should allow impAdmin to access their own product escrow config","status":"passed","title":"should allow impAdmin to access their own product escrow config","duration":10.3191139999999,"failureMessages":[],"meta":{}}],"startTime":1772698784039,"endTime":1772698784185.319,"status":"passed","message":"","name":"/home/mcburnia/cranis2/backend/tests/routes/escrow.test.ts"},{"assertionResults":[{"ancestorTitles":["/api/feedback","POST /api/feedback"],"fullName":"/api/feedback POST /api/feedback should reject unauthenticated request","status":"passed","title":"should reject unauthenticated request","duration":11.56948199999988,"failureMessages":[],"meta":{}},{"ancestorTitles":["/api/feedback","POST /api/feedback"],"fullName":"/api/feedback POST /api/feedback should create feedback with valid category bug","status":"passed","title":"should create feedback with valid category bug","duration":103.08339799999976,"failureMessages":[],"meta":{}},{"ancestorTitles":["/api/feedback","POST /api/feedback"],"fullName":"/api/feedback POST /api/feedback should reject invalid category","status":"passed","title":"should reject invalid category","duration":15.853414000000157,"failureMessages":[],"meta":{}},{"ancestorTitles":["/api/feedback","POST /api/feedback"],"fullName":"/api/feedback POST /api/feedback should reject missing subject","status":"passed","title":"should reject missing subject","duration":16.16341199999988,"failureMessages":[],"meta":{}}],"startTime":1772698786754,"endTime":1772698786902.1633,"status":"passed","message":"","name":"/home/mcburnia/cranis2/backend/tests/routes/feedback.test.ts"},{"assertionResults":[{"ancestorTitles":["/api/ip-proof","GET /api/ip-proof/overview"],"fullName":"/api/ip-proof GET /api/ip-proof/overview should reject unauthenticated request","status":"passed","title":"should reject unauthenticated request","duration":16.933888000000024,"failureMessages":[],"meta":{}},{"ancestorTitles":["/api/ip-proof","GET /api/ip-proof/overview"],"fullName":"/api/ip-proof GET /api/ip-proof/overview should reject invalid token","status":"passed","title":"should reject invalid token","duration":14.136578999999983,"failureMessages":[],"meta":{}},{"ancestorTitles":["/api/ip-proof","GET /api/ip-proof/overview"],"fullName":"/api/ip-proof GET /api/ip-proof/overview should return totals and products for authenticated user","status":"passed","title":"should return totals and products for authenticated user","duration":150.30430499999966,"failureMessages":[],"meta":{}},{"ancestorTitles":["/api/ip-proof","GET /api/ip-proof/overview"],"fullName":"/api/ip-proof GET /api/ip-proof/overview should include expected fields in totals","status":"passed","title":"should include expected fields in totals","duration":94.77223700000013,"failureMessages":[],"meta":{}},{"ancestorTitles":["/api/ip-proof","GET /api/ip-proof/overview"],"fullName":"/api/ip-proof GET /api/ip-proof/overview should include latestProof in totals (may be null)","status":"passed","title":"should include latestProof in totals (may be null)","duration":98.64137500000015,"failureMessages":[],"meta":{}},{"ancestorTitles":["/api/ip-proof","GET /api/ip-proof/overview"],"fullName":"/api/ip-proof GET /api/ip-proof/overview should include product-level data in products array (if any)","status":"passed","title":"should include product-level data in products array (if any)","duration":92.36516200000005,"failureMessages":[],"meta":{}},{"ancestorTitles":["/api/ip-proof","GET /api/ip-proof/overview"],"fullName":"/api/ip-proof GET /api/ip-proof/overview should return empty products for org with no products","status":"passed","title":"should return empty products for org with no products","duration":143.44716500000004,"failureMessages":[],"meta":{}},{"ancestorTitles":["/api/ip-proof","GET /api/ip-proof/overview"],"fullName":"/api/ip-proof GET /api/ip-proof/overview should not leak manufacturer products in importer overview","status":"passed","title":"should not leak manufacturer products in importer overview","duration":10.201032999999825,"failureMessages":[],"meta":{}},{"ancestorTitles":["/api/ip-proof","GET /api/ip-proof/overview"],"fullName":"/api/ip-proof GET /api/ip-proof/overview should isolate totals per org","status":"passed","title":"should isolate totals per org","duration":90.01238199999989,"failureMessages":[],"meta":{}}],"startTime":1772698724342,"endTime":1772698725054.0125,"status":"passed","message":"","name":"/home/mcburnia/cranis2/backend/tests/routes/ip-proof.test.ts"},{"assertionResults":[{"ancestorTitles":["/api/license-scan","GET /api/license-scan/overview"],"fullName":"/api/license-scan GET /api/license-scan/overview should reject unauthenticated request","status":"passed","title":"should reject unauthenticated request","duration":15.306108000000222,"failureMessages":[],"meta":{}},{"ancestorTitles":["/api/license-scan","GET /api/license-scan/overview"],"fullName":"/api/license-scan GET /api/license-scan/overview should reject invalid token","status":"passed","title":"should reject invalid token","duration":13.832017999999607,"failureMessages":[],"meta":{}},{"ancestorTitles":["/api/license-scan","GET /api/license-scan/overview"],"fullName":"/api/license-scan GET /api/license-scan/overview should return totals and products for authenticated user","status":"passed","title":"should return totals and products for authenticated user","duration":182.14056299999993,"failureMessages":[],"meta":{}},{"ancestorTitles":["/api/license-scan","GET /api/license-scan/overview"],"fullName":"/api/license-scan GET /api/license-scan/overview should include license category counts in totals","status":"passed","title":"should include license category counts in totals","duration":94.46134099999972,"failureMessages":[],"meta":{}},{"ancestorTitles":["/api/license-scan","GET /api/license-scan/overview"],"fullName":"/api/license-scan GET /api/license-scan/overview should include product-level data in products array","status":"passed","title":"should include product-level data in products array","duration":84.33046999999988,"failureMessages":[],"meta":{}},{"ancestorTitles":["/api/license-scan","GET /api/license-scan/overview"],"fullName":"/api/license-scan GET /api/license-scan/overview should return empty products for org with no products","status":"passed","title":"should return empty products for org with no products","duration":168.59468199999992,"failureMessages":[],"meta":{}},{"ancestorTitles":["/api/license-scan","GET /api/license-scan/:productId"],"fullName":"/api/license-scan GET /api/license-scan/:productId should reject unauthenticated request","status":"passed","title":"should reject unauthenticated request","duration":8.816658000000189,"failureMessages":[],"meta":{}},{"ancestorTitles":["/api/license-scan","GET /api/license-scan/:productId"],"fullName":"/api/license-scan GET /api/license-scan/:productId should return findings and latestScan for product","status":"passed","title":"should return findings and latestScan for product","duration":13.147737999999663,"failureMessages":[],"meta":{}},{"ancestorTitles":["/api/license-scan","GET /api/license-scan/:productId"],"fullName":"/api/license-scan GET /api/license-scan/:productId should return findings as array (possibly empty)","status":"passed","title":"should return findings as array (possibly empty)","duration":10.520548999999846,"failureMessages":[],"meta":{}},{"ancestorTitles":["/api/license-scan","GET /api/license-scan/:productId"],"fullName":"/api/license-scan GET /api/license-scan/:productId should return empty findings for product with no license data","status":"passed","title":"should return empty findings for product with no license data","duration":12.363209000000097,"failureMessages":[],"meta":{}},{"ancestorTitles":["/api/license-scan","GET /api/license-scan/:productId"],"fullName":"/api/license-scan GET /api/license-scan/:productId should return 404 or empty for non-existent product","status":"passed","title":"should return 404 or empty for non-existent product","duration":13.848341000000346,"failureMessages":[],"meta":{}},{"ancestorTitles":["/api/license-scan","GET /api/license-scan/:productId"],"fullName":"/api/license-scan GET /api/license-scan/:productId should return latestScan as null when no scan has been run","status":"passed","title":"should return latestScan as null when no scan has been run","duration":12.289026999999805,"failureMessages":[],"meta":{}},{"ancestorTitles":["/api/license-scan","Cross-org isolation"],"fullName":"/api/license-scan Cross-org isolation should not let importer admin access manufacturer product license data","status":"passed","title":"should not let importer admin access manufacturer product license data","duration":13.371563000000151,"failureMessages":[],"meta":{}},{"an
[...]
,"endTime":1772698688157.0566,"status":"passed","message":"","name":"/home/mcburnia/cranis2/backend/tests/break/unit-level/concurrent-mutations.test.ts"},{"assertionResults":[{"ancestorTitles":["Break: Malformed JSON","Truncated JSON"],"fullName":"Break: Malformed JSON Truncated JSON should handle truncated JSON object","status":"passed","title":"should handle truncated JSON object","duration":22.155603000000156,"failureMessages":[],"meta":{}},{"ancestorTitles":["Break: Malformed JSON","Truncated JSON"],"fullName":"Break: Malformed JSON Truncated JSON should handle JSON missing closing brace","status":"passed","title":"should handle JSON missing closing brace","duration":10.645250999999917,"failureMessages":[],"meta":{}},{"ancestorTitles":["Break: Malformed JSON","Truncated JSON"],"fullName":"Break: Malformed JSON Truncated JSON should handle JSON missing closing bracket","status":"passed","title":"should handle JSON missing closing bracket","duration":5.427474000000075,"failureMessages":[],"meta":{}},{"ancestorTitles":["Break: Malformed JSON","Invalid JSON syntax"],"fullName":"Break: Malformed JSON Invalid JSON syntax should handle single quotes instead of double","status":"passed","title":"should handle single quotes instead of double","duration":6.279022000000168,"failureMessages":[],"meta":{}},{"ancestorTitles":["Break: Malformed JSON","Invalid JSON syntax"],"fullName":"Break: Malformed JSON Invalid JSON syntax should handle trailing comma","status":"passed","title":"should handle trailing comma","duration":5.158146999999644,"failureMessages":[],"meta":{}},{"ancestorTitles":["Break: Malformed JSON","Invalid JSON syntax"],"fullName":"Break: Malformed JSON Invalid JSON syntax should handle unquoted keys","status":"passed","title":"should handle unquoted keys","duration":5.229913000000124,"failureMessages":[],"meta":{}},{"ancestorTitles":["Break: Malformed JSON","Invalid JSON syntax"],"fullName":"Break: Malformed JSON Invalid JSON syntax should handle JavaScript (not JSON) object","status":"passed","title":"should handle JavaScript (not JSON) object","duration":5.053637000000435,"failureMessages":[],"meta":{}},{"ancestorTitles":["Break: Malformed JSON","Invalid JSON syntax"],"fullName":"Break: Malformed JSON Invalid JSON syntax should handle comments in JSON","status":"passed","title":"should handle comments in JSON","duration":6.946210999999948,"failureMessages":[],"meta":{}},{"ancestorTitles":["Break: Malformed JSON","Wrong root type"],"fullName":"Break: Malformed JSON Wrong root type should handle JSON array instead of object","status":"passed","title":"should handle JSON array instead of object","duration":4.871883000000253,"failureMessages":[],"meta":{}},{"ancestorTitles":["Break: Malformed JSON","Wrong root type"],"fullName":"Break: Malformed JSON Wrong root type should handle JSON string instead of object","status":"passed","title":"should handle JSON string instead of object","duration":4.217302999999902,"failureMessages":[],"meta":{}},{"ancestorTitles":["Break: Malformed JSON","Wrong root type"],"fullName":"Break: Malformed JSON Wrong root type should handle JSON number instead of object","status":"passed","title":"should handle JSON number instead of object","duration":4.293822999999975,"failureMessages":[],"meta":{}},{"ancestorTitles":["Break: Malformed JSON","Wrong root type"],"fullName":"Break: Malformed JSON Wrong root type should handle JSON null instead of object","status":"passed","title":"should handle JSON null instead of object","duration":4.434402999999747,"failureMessages":[],"meta":{}},{"ancestorTitles":["Break: Malformed JSON","Wrong root type"],"fullName":"Break: Malformed JSON Wrong root type should handle JSON boolean instead of object","status":"passed","title":"should handle JSON boolean instead of object","duration":3.936211000000185,"failureMessages":[],"meta":{}},{"ancestorTitles":["Break: Malformed JSON","Non-JSON content"],"fullName":"Break: Malformed JSON Non-JSON content should handle plain text with JSON content-type","status":"passed","title":"should handle plain text with JSON content-type","duration":3.7310820000002423,"failureMessages":[],"meta":{}},{"ancestorTitles":["Break: Malformed JSON","Non-JSON content"],"fullName":"Break: Malformed JSON Non-JSON content should handle XML with JSON content-type","status":"passed","title":"should handle XML with JSON content-type","duration":3.9916259999999966,"failureMessages":[],"meta":{}},{"ancestorTitles":["Break: Malformed JSON","Non-JSON content"],"fullName":"Break: Malformed JSON Non-JSON content should handle URL-encoded form data with JSON content-type","status":"passed","title":"should handle URL-encoded form data with JSON content-type","duration":4.193714999999884,"failureMessages":[],"meta":{}},{"ancestorTitles":["Break: Malformed JSON","Non-JSON content"],"fullName":"Break: Malformed JSON Non-JSON content should handle empty string","status":"passed","title":"should handle empty string","duration":3.3469960000002175,"failureMessages":[],"meta":{}},{"ancestorTitles":["Break: Malformed JSON","Non-JSON content"],"fullName":"Break: Malformed JSON Non-JSON content should handle whitespace only","status":"passed","title":"should handle whitespace only","duration":3.844695999999658,"failureMessages":[],"meta":{}},{"ancestorTitles":["Break: Malformed JSON","Non-JSON content"],"fullName":"Break: Malformed JSON Non-JSON content should handle binary content","status":"passed","title":"should handle binary content","duration":3.4786870000002637,"failureMessages":[],"meta":{}},{"ancestorTitles":["Break: Malformed JSON","Unicode edge cases in JSON"],"fullName":"Break: Malformed JSON Unicode edge cases in JSON should handle null bytes in JSON string","status":"passed","title":"should handle null bytes in JSON string","duration":5.036047999999937,"failureMessages":[],"meta":{}},{"ancestorTitles":["Break: Malformed JSON","Unicode edge cases in JSON"],"fullName":"Break: Malformed JSON Unicode edge cases in JSON should handle BOM (byte order mark)","status":"passed","title":"should handle BOM (byte order mark)","duration":70.60466200000019,"failureMessages":[],"meta":{}},{"ancestorTitles":["Break: Malformed JSON","Unicode edge cases in JSON"],"fullName":"Break: Malformed JSON Unicode edge cases in JSON should handle control characters","status":"passed","title":"should handle control characters","duration":57.57688499999995,"failureMessages":[],"meta":{}},{"ancestorTitles":["Break: Malformed JSON","Content-Type variations"],"fullName":"Break: Malformed JSON Content-Type variations should handle multipart/form-data content type","status":"passed","title":"should handle multipart/form-data content type","duration":17.91775000000007,"failureMessages":[],"meta":{}},{"ancestorTitles":["Break: Malformed JSON","Content-Type variations"],"fullName":"Break: Malformed JSON Content-Type variations should handle application/xml content type","status":"passed","title":"should handle application/xml content type","duration":15.676282999999785,"failureMessages":[],"meta":{}},{"ancestorTitles":["Break: Malformed JSON","Content-Type variations"],"fullName":"Break: Malformed JSON Content-Type variations should handle missing Content-Type header on POST","status":"passed","title":"should handle missing Content-Type header on POST","duration":10.541088999999829,"failureMessages":[],"meta":{}}],"startTime":1772698766290,"endTime":1772698766580.541,"status":"passed","message":"","name":"/home/mcburnia/cranis2/backend/tests/break/unit-level/malformed-json.test.ts"},{"assertionResults":[{"ancestorTitles":["Break: Oversized Payloads","Large string fields"],"fullName":"Break: Oversized Payloads Large string fields should handle 10KB product name","status":"passed","title":"should handle 10KB product name","duration":139.16405799999984,"failureMessages":[],"meta":{}},{"ancestorTitles":["Break: Oversized Payloads","Large string fields"],"fullName":"Break: Oversized Payloads Large string fields should handle 100KB feedback body","status":"passed","title":"should handle 100KB feedback body","duration":32.64947200000006,"failureMessages":[],"meta":{}},{"ancestorTitles":["Break: Oversized Payloads","Large string fields"],"fullName":"Break: Oversized Payloads Large string fields should handle 1MB CRA report content","status":"passed","title":"should handle 1MB CRA report content","duration":32.21341600000005,"failureMessages":[],"meta":{}},{"ancestorTitles":["Break: Oversized Payloads","Large string fields"],"fullName":"Break: Oversized Payloads Large string fields should handle very long email address (500 chars)","status":"passed","title":"should handle very long email address (500 chars)","duration":334.648322,"failureMessages":[],"meta":{}},{"ancestorTitles":["Break: Oversized Payloads","Large string fields"],"fullName":"Break: Oversized Payloads Large string fields should handle very long password (10KB)","status":"passed","title":"should handle very long password (10KB)","duration":422.27924399999984,"failureMessages":[],"meta":{}},{"ancestorTitles":["Break: Oversized Payloads","Deeply nested objects"],"fullName":"Break: Oversized Payloads Deeply nested objects should handle 50-level deep nested object","status":"passed","title":"should handle 50-level deep nested object","duration":105.68501199999992,"failureMessages":[],"meta":{}},{"ancestorTitles":["Break: Oversized Payloads","Deeply nested objects"],"fullName":"Break: Oversized Payloads Deeply nested objects should handle deeply nested CRA report content","status":"passed","title":"should handle deeply nested CRA report content","duration":118.116489,"failureMessages":[],"meta":{}},{"ancestorTitles":["Break: Oversized Payloads","Large arrays"],"fullName":"Break: Oversized Payloads Large arrays should handle 1000-element array in body","status":"passed","title":"should handle 1000-element array in body","duration":96.33311800000001,"failureMessages":[],"meta":{}},{"ancestorTitles":["Break: Oversized Payloads","Many query parameters"],"fullName":"Break: Oversized Payloads Many query parameters should handle 50 extra query params","status":"passed","title":"should handle 50 extra query params","duration":410.5187850000002,"failureMessages":[],"meta":{}},{"ancestorTitles":["Break: Oversized Payloads","Many query parameters"],"fullName":"Break: Oversized Payloads Many query parameters should handle very long query parameter value","status":"passed","title":"should handle very long query parameter value","duration":15.389517999999953,"failureMessages":[],"meta":{}},{"ancestorTitles":["Break: Oversized Payloads","URL length limits"],"fullName":"Break: Oversized Payloads URL length limits should handle very long URL path","status":"passed","title":"should handle very long URL path","duration":49.03263499999957,"failureMessages":[],"meta":{}},{"ancestorTitles":["Break: Oversized Payloads","Duplicate JSON keys"],"fullName":"Break: Oversized Payloads Duplicate JSON keys should handle raw JSON with duplicate keys via string body","status":"passed","title":"should handle raw JSON with duplicate keys via string body","duration":84.15238099999988,"failureMessages":[],"meta":{}},{"ancestorTitles":["Break: Oversized Payloads","Burst requests"],"fullName":"Break: Oversized Payloads Burst requests should handle 20 concurrent requests","status":"passed","title":"should handle 20 concurrent requests","duration":5555.895299999999,"failureMessages":[],"meta":{}},{"ancestorTitles":["Break: Oversized Payloads","Burst requests"],"fullName":"Break: Oversized Payloads Burst requests should handle 20 concurrent CRA report creates","status":"passed","title":"should handle 20 concurrent CRA report creates","duration":426.581956,"failureMessages":[],"meta":{}}],"startTime":1772698627858,"endTime":1772698635686.582,"status":"passed","message":"","name":"/home/mcburnia/cranis2/backend/tests/break/unit-level/oversized-payloads.test.ts"},{"assertionResults":[{"ancestorTitles":["Break: Unicode & Special Characters","Emoji in text fields"],"fullName":"Break: Unicode & Special Characters Emoji in text fields should handle emoji in product name","status":"passed","title":"should handle emoji in product name","duration":91.78277600000001,"failureMessages":[],"meta":{}},{"ancestorTitles":["Break: Unicode & Special Characters","Emoji in text fields"],"fullName":"Break: Unicode & Special Characters Emoji in text fields should handle emoji in feedback body","status":"passed","title":"should handle emoji in feedback body","duration":102.61496500000021,"failureMessages":[],"meta":{}},{"ancestorTitles":["Break: Unicode & Special Characters","Emoji in text fields"],"fullName":"Break: Unicode & Special Characters Emoji in text fields should handle emoji-only product name","status":"passed","title":"should handle emoji-only product name","duration":86.15811500000018,"failureMessages":[],"meta":{}},{"ancestorTitles":["Break: Unicode & Special Characters","CJK characters"],"fullName":"Break: Unicode & Special Characters CJK characters should handle Chinese product name","status":"passed","title":"should handle Chinese product name","duration":98.3004520000004,"failureMessages":[],"meta":{}},{"ancestorTitles":["Break: Unicode & Special Characters","CJK characters"],"fullName":"Break: Unicode & Special Characters CJK characters should handle Japanese product name","status":"passed","title":"should handle Japanese product name","duration":95.66049699999985,"failureMessages":[],"meta":{}},{"ancestorTitles":["Break: Unicode & Special Characters","CJK characters"],"fullName":"Break: Unicode & Special Characters CJK characters should handle Korean product name","status":"passed","title":"should handle Korean product name","duration":89.71396300000015,"failureMessages":[],"meta":{}},{"ancestorTitles":["Break: Unicode & Special Characters","RTL and bidirectional text"],"fullName":"Break: Unicode & Special Characters RTL and bidirectional text should handle Arabic text","status":"passed","title":"should handle Arabic text","duration":104.91122300000006,"failureMessages":[],"meta":{}},{"ancestorTitles":["Break: Unicode & Special Characters","RTL and bidirectional text"],"fullName":"Break: Unicode & Special Characters RTL and bidirectional text should handle Hebrew text","status":"passed","title":"should handle Hebrew text","duration":98.80753300000015,"failureMessages":[],"meta":{}},{"ancestorTitles":["Break: Unicode & Special Characters","RTL and bidirectional text"],"fullName":"Break: Unicode & Special Characters RTL and bidirectional text should handle mixed LTR/RTL text","status":"passed","title":"should handle mixed LTR/RTL text","duration":90.62383,"failureMessages":[],"meta":{}},{"ancestorTitles":["Break: Unicode & Special Characters","Zero-width and invisible characters"],"fullName":"Break: Unicode & Special Characters Zero-width and invisible characters should handle zero-width space","status":"passed","title":"should handle zero-width space","duration":119.40131900000006,"failureMessages":[],"meta":{}},{"ancestorTitles":["Break: Unicode & Special Characters","Zero-width and invisible characters"],"fullName":"Break: Unicode & Special Characters Zero-width and invisible characters should handle zero-width joiner","status":"passed","title":"should handle zero-width joiner","duration":98.04660899999999,"failureMessages":[],"meta":{}},{"ancestorTitles":["Break: Unicode & Special Characters","Zero-width and invisible characters"],"fullName":"Break: Unicode & Special Characters Zero-width and invisible characters should handle zero-width non-joiner","status":"passed","title":"should handle zero-width non-joiner","duration":136.45877599999994,"failureMessages":[],"meta":{}},{"ancestorTitles":["Break: Unicode & Special Characters","Zero-width and invisible characters"],"fullName":"Break: Unicode & Special Characters Zero-width and invisible characters should handle product name that is only zero-width chars","status":"passed","title":"should handle product name that is only zero-width chars","duration":88.35420999999997,"failureMessages":[],"meta":{}},{"ancestorTitles":["Break: Unicode & Special Characters","Zero-width and invisible characters"],"fullName":"Break: Unicode & Special Characters Zero-width and invisible characters should handle soft hyphen","status":"passed","title":"should handle soft hyphen","duration":88.36070100000006,"failureMessages":[],"meta":{}},{"ancestorTitles":["Break: Unicode & Special Characters","Special Latin characters"],"fullName":"Break: Unicode & Special Characters Special Latin characters should handle accented characters (German Umlaute)","status":"passed","title":"should handle accented characters (German Umlaute)","duration":87.74031300000024,"failureMessages":[],"meta":{}},{"ancestorTitles":["Break: Unicode & Special Characters","Special Latin characters"],"fullName":"Break: Unicode & Special Characters Special Latin characters should handle Nordic characters","status":"passed","title":"should handle Nordic characters","duration":105.42554900000005,"failureMessages":[],"meta":{}},{"ancestorTitles":["Break: Unicode & Special Characters","Special Latin characters"],"fullName":"Break: Unicode & Special Characters Special Latin characters should handle accented email (internationalized)","status":"passed","title":"should handle accented email (internationalized)","duration":316.51370700000007,"failureMessages":[],"meta":{}},{"ancestorTitles":["Break: Unicode & Special Characters","Control characters"],"fullName":"Break: Unicode & Special Characters Control characters should handle tab characters in text","status":"passed","title":"should handle tab characters in text","duration":101.48182799999995,"failureMessages":[],"meta":{}},{"ancestorTitles":["Break: Unicode & Special Characters","Control characters"],"fullName":"Break: Unicode & Special Characters Control characters should handle newlines in product name","status":"passed","title":"should handle newlines in product name","duration":93.43116699999973,"failureMessages":[],"meta":{}},{"ancestorTitles":["Break: Unicode & Special Characters","Control characters"],"fullName":"Break: Unicode & Special Characters Control characters should handle carriage return in text","status":"passed","title":"should handle carriage return in text","duration":89.60777300000063,"failureMessages":[],"meta":{}},{"ancestorTitles":["Break: Unicode & Special Characters","SQL-significant characters in normal fields"],"fullName":"Break: Unicode & Special Characters SQL-significant characters in normal fields should handle percent signs (LIKE wildcards)","status":"passed","title":"should handle percent signs (LIKE wildcards)","duration":38.036387000000104,"failureMessages":[],"meta":{}},{"ancestorTitles":["Break: Unicode & Special Characters","SQL-significant characters in normal fields"],"fullName":"Break: Unicode & Special Characters SQL-significant characters in normal fields should handle underscores (LIKE single-char wildcard)","status":"passed","title":"should handle underscores (LIKE single-char wildcard)","duration":15.961350000000493,"failureMessages":[],"meta":{}},{"ancestorTitles":["Break: Unicode & Special Characters","SQL-significant characters in normal fields"],"fullName":"Break: Unicode & Special Characters SQL-significant characters in normal fields should handle backslashes","status":"passed","title":"should handle backslashes","duration":93.14487300000019,"failureMessages":[],"meta":{}},{"ancestorTitles":["Break: Unicode & Special Characters","Homoglyph characters"],"fullName":"Break: Unicode & Special Characters Homoglyph characters should handle Cyrillic characters that look Latin","status":"passed","title":"should handle Cyrillic characters that look Latin","duration":76.00008600000001,"failureMessages":[],"meta":{}}],"startTime":1772698670470,"endTime":1772698672886,"status":"passed","message":"","name":"/home/mcburnia/cranis2/backend/tests/break/unit-level/unicode-special-chars.test.ts"}]}